[INFO  - 2014-06-06T20:26:23.933Z] GhostDriver - Main - running on port 7510
[INFO  - 2014-06-06T20:26:24.042Z] Session [d427cb70-edb8-11e3-9a99-abde1f06ebcd] - _decorateNewWindow - page.settings: {"XSSAuditingEnabled":false,"javascriptCanCloseWindows":true,"javascriptCanOpenWindows":true,"javascriptEnabled":true,"loadImages":true,"localToRemoteUrlAccessEnabled":false,"userAgent":"Mozilla/5.0 (Macintosh; Intel Mac OS X) AppleWebKit/534.34 (KHTML, like Gecko) PhantomJS/1.9.2 Safari/534.34","webSecurityEnabled":true}
[INFO  - 2014-06-06T20:26:24.042Z] Session [d427cb70-edb8-11e3-9a99-abde1f06ebcd] - page.customHeaders:  - {}
[INFO  - 2014-06-06T20:26:24.042Z] Session [d427cb70-edb8-11e3-9a99-abde1f06ebcd] - CONSTRUCTOR - Desired Capabilities: {"platform":"ANY","browserName":"phantomjs","version":""}
[INFO  - 2014-06-06T20:26:24.042Z] Session [d427cb70-edb8-11e3-9a99-abde1f06ebcd] - CONSTRUCTOR - Negotiated Capabilities: {"browserName":"phantomjs","version":"1.9.2","driverName":"ghostdriver","driverVersion":"1.0.4","platform":"mac-unknown-32bit","javascriptEnabled":true,"takesScreenshot":true,"handlesAlerts":false,"databaseEnabled":false,"locationContextEnabled":false,"applicationCacheEnabled":false,"browserConnectionEnabled":false,"cssSelectorsEnabled":true,"webStorageEnabled":false,"rotatable":false,"acceptSslCerts":false,"nativeEvents":true,"proxy":{"proxyType":"direct"}}
[INFO  - 2014-06-06T20:26:24.042Z] SessionManagerReqHand - _postNewSessionCommand - New Session Created: d427cb70-edb8-11e3-9a99-abde1f06ebcd
[INFO  - 2014-06-06T20:26:25.321Z] ShutdownReqHand - _handle - About to shutdown
[INFO  - 2014-06-06T20:26:28.378Z] GhostDriver - Main - running on port 4836
[INFO  - 2014-06-06T20:26:28.482Z] Session [d6cd21e0-edb8-11e3-a8da-197d7c49fc95] - _decorateNewWindow - page.settings: {"XSSAuditingEnabled":false,"javascriptCanCloseWindows":true,"javascriptCanOpenWindows":true,"javascriptEnabled":true,"loadImages":true,"localToRemoteUrlAccessEnabled":false,"userAgent":"Mozilla/5.0 (Macintosh; Intel Mac OS X) AppleWebKit/534.34 (KHTML, like Gecko) PhantomJS/1.9.2 Safari/534.34","webSecurityEnabled":true}
[INFO  - 2014-06-06T20:26:28.482Z] Session [d6cd21e0-edb8-11e3-a8da-197d7c49fc95] - page.customHeaders:  - {}
[INFO  - 2014-06-06T20:26:28.482Z] Session [d6cd21e0-edb8-11e3-a8da-197d7c49fc95] - CONSTRUCTOR - Desired Capabilities: {"platform":"ANY","browserName":"phantomjs","version":""}
[INFO  - 2014-06-06T20:26:28.482Z] Session [d6cd21e0-edb8-11e3-a8da-197d7c49fc95] - CONSTRUCTOR - Negotiated Capabilities: {"browserName":"phantomjs","version":"1.9.2","driverName":"ghostdriver","driverVersion":"1.0.4","platform":"mac-unknown-32bit","javascriptEnabled":true,"takesScreenshot":true,"handlesAlerts":false,"databaseEnabled":false,"locationContextEnabled":false,"applicationCacheEnabled":false,"browserConnectionEnabled":false,"cssSelectorsEnabled":true,"webStorageEnabled":false,"rotatable":false,"acceptSslCerts":false,"nativeEvents":true,"proxy":{"proxyType":"direct"}}
[INFO  - 2014-06-06T20:26:28.482Z] SessionManagerReqHand - _postNewSessionCommand - New Session Created: d6cd21e0-edb8-11e3-a8da-197d7c49fc95
[INFO  - 2014-06-06T20:26:29.241Z] ShutdownReqHand - _handle - About to shutdown
[INFO  - 2014-06-06T20:26:32.390Z] GhostDriver - Main - running on port 29485
[INFO  - 2014-06-06T20:26:32.754Z] Session [d958fce0-edb8-11e3-b308-3778d758ee9b] - _decorateNewWindow - page.settings: {"XSSAuditingEnabled":false,"javascriptCanCloseWindows":true,"javascriptCanOpenWindows":true,"javascriptEnabled":true,"loadImages":true,"localToRemoteUrlAccessEnabled":false,"userAgent":"Mozilla/5.0 (Macintosh; Intel Mac OS X) AppleWebKit/534.34 (KHTML, like Gecko) PhantomJS/1.9.2 Safari/534.34","webSecurityEnabled":true}
[INFO  - 2014-06-06T20:26:32.754Z] Session [d958fce0-edb8-11e3-b308-3778d758ee9b] - page.customHeaders:  - {}
[INFO  - 2014-06-06T20:26:32.754Z] Session [d958fce0-edb8-11e3-b308-3778d758ee9b] - CONSTRUCTOR - Desired Capabilities: {"platform":"ANY","browserName":"phantomjs","version":""}
[INFO  - 2014-06-06T20:26:32.754Z] Session [d958fce0-edb8-11e3-b308-3778d758ee9b] - CONSTRUCTOR - Negotiated Capabilities: {"browserName":"phantomjs","version":"1.9.2","driverName":"ghostdriver","driverVersion":"1.0.4","platform":"mac-unknown-32bit","javascriptEnabled":true,"takesScreenshot":true,"handlesAlerts":false,"databaseEnabled":false,"locationContextEnabled":false,"applicationCacheEnabled":false,"browserConnectionEnabled":false,"cssSelectorsEnabled":true,"webStorageEnabled":false,"rotatable":false,"acceptSslCerts":false,"nativeEvents":true,"proxy":{"proxyType":"direct"}}
[INFO  - 2014-06-06T20:26:32.787Z] SessionManagerReqHand - _postNewSessionCommand - New Session Created: d958fce0-edb8-11e3-b308-3778d758ee9b
[INFO  - 2014-06-06T20:26:33.624Z] ShutdownReqHand - _handle - About to shutdown
[INFO  - 2014-06-06T20:26:36.710Z] GhostDriver - Main - running on port 47839
[INFO  - 2014-06-06T20:26:36.827Z] Session [dbc67a70-edb8-11e3-9897-7fbd1836115d] - _decorateNewWindow - page.settings: {"XSSAuditingEnabled":false,"javascriptCanCloseWindows":true,"javascriptCanOpenWindows":true,"javascriptEnabled":true,"loadImages":true,"localToRemoteUrlAccessEnabled":false,"userAgent":"Mozilla/5.0 (Macintosh; Intel Mac OS X) AppleWebKit/534.34 (KHTML, like Gecko) PhantomJS/1.9.2 Safari/534.34","webSecurityEnabled":true}
[INFO  - 2014-06-06T20:26:36.827Z] Session [dbc67a70-edb8-11e3-9897-7fbd1836115d] - page.customHeaders:  - {}
[INFO  - 2014-06-06T20:26:36.827Z] Session [dbc67a70-edb8-11e3-9897-7fbd1836115d] - CONSTRUCTOR - Desired Capabilities: {"platform":"ANY","browserName":"phantomjs","version":""}
[INFO  - 2014-06-06T20:26:36.827Z] Session [dbc67a70-edb8-11e3-9897-7fbd1836115d] - CONSTRUCTOR - Negotiated Capabilities: {"browserName":"phantomjs","version":"1.9.2","driverName":"ghostdriver","driverVersion":"1.0.4","platform":"mac-unknown-32bit","javascriptEnabled":true,"takesScreenshot":true,"handlesAlerts":false,"databaseEnabled":false,"locationContextEnabled":false,"applicationCacheEnabled":false,"browserConnectionEnabled":false,"cssSelectorsEnabled":true,"webStorageEnabled":false,"rotatable":false,"acceptSslCerts":false,"nativeEvents":true,"proxy":{"proxyType":"direct"}}
[INFO  - 2014-06-06T20:26:36.827Z] SessionManagerReqHand - _postNewSessionCommand - New Session Created: dbc67a70-edb8-11e3-9897-7fbd1836115d
[INFO  - 2014-06-06T20:26:37.545Z] ShutdownReqHand - _handle - About to shutdown
[INFO  - 2014-06-06T20:26:40.507Z] GhostDriver - Main - running on port 7365
[INFO  - 2014-06-06T20:26:40.592Z] Session [de04f8c0-edb8-11e3-bd6f-2d7cfabea453] - _decorateNewWindow - page.settings: {"XSSAuditingEnabled":false,"javascriptCanCloseWindows":true,"javascriptCanOpenWindows":true,"javascriptEnabled":true,"loadImages":true,"localToRemoteUrlAccessEnabled":false,"userAgent":"Mozilla/5.0 (Macintosh; Intel Mac OS X) AppleWebKit/534.34 (KHTML, like Gecko) PhantomJS/1.9.2 Safari/534.34","webSecurityEnabled":true}
[INFO  - 2014-06-06T20:26:40.592Z] Session [de04f8c0-edb8-11e3-bd6f-2d7cfabea453] - page.customHeaders:  - {}
[INFO  - 2014-06-06T20:26:40.592Z] Session [de04f8c0-edb8-11e3-bd6f-2d7cfabea453] - CONSTRUCTOR - Desired Capabilities: {"platform":"ANY","browserName":"phantomjs","version":""}
[INFO  - 2014-06-06T20:26:40.592Z] Session [de04f8c0-edb8-11e3-bd6f-2d7cfabea453] - CONSTRUCTOR - Negotiated Capabilities: {"browserName":"phantomjs","version":"1.9.2","driverName":"ghostdriver","driverVersion":"1.0.4","platform":"mac-unknown-32bit","javascriptEnabled":true,"takesScreenshot":true,"handlesAlerts":false,"databaseEnabled":false,"locationContextEnabled":false,"applicationCacheEnabled":false,"browserConnectionEnabled":false,"cssSelectorsEnabled":true,"webStorageEnabled":false,"rotatable":false,"acceptSslCerts":false,"nativeEvents":true,"proxy":{"proxyType":"direct"}}
[INFO  - 2014-06-06T20:26:40.592Z] SessionManagerReqHand - _postNewSessionCommand - New Session Created: de04f8c0-edb8-11e3-bd6f-2d7cfabea453
[INFO  - 2014-06-06T20:26:44.015Z] ShutdownReqHand - _handle - About to shutdown
[INFO  - 2014-06-06T20:26:47.321Z] GhostDriver - Main - running on port 24541
[INFO  - 2014-06-06T20:26:47.495Z] Session [e2222220-edb8-11e3-9387-8f7ae7bca6b9] - _decorateNewWindow - page.settings: {"XSSAuditingEnabled":false,"javascriptCanCloseWindows":true,"javascriptCanOpenWindows":true,"javascriptEnabled":true,"loadImages":true,"localToRemoteUrlAccessEnabled":false,"userAgent":"Mozilla/5.0 (Macintosh; Intel Mac OS X) AppleWebKit/534.34 (KHTML, like Gecko) PhantomJS/1.9.2 Safari/534.34","webSecurityEnabled":true}
[INFO  - 2014-06-06T20:26:47.495Z] Session [e2222220-edb8-11e3-9387-8f7ae7bca6b9] - page.customHeaders:  - {}
[INFO  - 2014-06-06T20:26:47.495Z] Session [e2222220-edb8-11e3-9387-8f7ae7bca6b9] - CONSTRUCTOR - Desired Capabilities: {"platform":"ANY","browserName":"phantomjs","version":""}
[INFO  - 2014-06-06T20:26:47.495Z] Session [e2222220-edb8-11e3-9387-8f7ae7bca6b9] - CONSTRUCTOR - Negotiated Capabilities: {"browserName":"phantomjs","version":"1.9.2","driverName":"ghostdriver","driverVersion":"1.0.4","platform":"mac-unknown-32bit","javascriptEnabled":true,"takesScreenshot":true,"handlesAlerts":false,"databaseEnabled":false,"locationContextEnabled":false,"applicationCacheEnabled":false,"browserConnectionEnabled":false,"cssSelectorsEnabled":true,"webStorageEnabled":false,"rotatable":false,"acceptSslCerts":false,"nativeEvents":true,"proxy":{"proxyType":"direct"}}
[INFO  - 2014-06-06T20:26:47.495Z] SessionManagerReqHand - _postNewSessionCommand - New Session Created: e2222220-edb8-11e3-9387-8f7ae7bca6b9
[INFO  - 2014-06-06T20:26:49.830Z] ShutdownReqHand - _handle - About to shutdown
[INFO  - 2014-06-06T20:26:52.967Z] GhostDriver - Main - running on port 12712
[INFO  - 2014-06-06T20:26:53.477Z] Session [e5b31110-edb8-11e3-9f98-dfce53cc8e18] - _decorateNewWindow - page.settings: {"XSSAuditingEnabled":false,"javascriptCanCloseWindows":true,"javascriptCanOpenWindows":true,"javascriptEnabled":true,"loadImages":true,"localToRemoteUrlAccessEnabled":false,"userAgent":"Mozilla/5.0 (Macintosh; Intel Mac OS X) AppleWebKit/534.34 (KHTML, like Gecko) PhantomJS/1.9.2 Safari/534.34","webSecurityEnabled":true}
[INFO  - 2014-06-06T20:26:53.477Z] Session [e5b31110-edb8-11e3-9f98-dfce53cc8e18] - page.customHeaders:  - {}
[INFO  - 2014-06-06T20:26:53.477Z] Session [e5b31110-edb8-11e3-9f98-dfce53cc8e18] - CONSTRUCTOR - Desired Capabilities: {"platform":"ANY","browserName":"phantomjs","version":""}
[INFO  - 2014-06-06T20:26:53.477Z] Session [e5b31110-edb8-11e3-9f98-dfce53cc8e18] - CONSTRUCTOR - Negotiated Capabilities: {"browserName":"phantomjs","version":"1.9.2","driverName":"ghostdriver","driverVersion":"1.0.4","platform":"mac-unknown-32bit","javascriptEnabled":true,"takesScreenshot":true,"handlesAlerts":false,"databaseEnabled":false,"locationContextEnabled":false,"applicationCacheEnabled":false,"browserConnectionEnabled":false,"cssSelectorsEnabled":true,"webStorageEnabled":false,"rotatable":false,"acceptSslCerts":false,"nativeEvents":true,"proxy":{"proxyType":"direct"}}
[INFO  - 2014-06-06T20:26:53.477Z] SessionManagerReqHand - _postNewSessionCommand - New Session Created: e5b31110-edb8-11e3-9f98-dfce53cc8e18
[INFO  - 2014-06-06T20:26:54.448Z] ShutdownReqHand - _handle - About to shutdown
[INFO  - 2014-06-06T20:26:57.287Z] GhostDriver - Main - running on port 39395
[INFO  - 2014-06-06T20:26:57.397Z] Session [e8093610-edb8-11e3-bb25-13d45cd58a9a] - _decorateNewWindow - page.settings: {"XSSAuditingEnabled":false,"javascriptCanCloseWindows":true,"javascriptCanOpenWindows":true,"javascriptEnabled":true,"loadImages":true,"localToRemoteUrlAccessEnabled":false,"userAgent":"Mozilla/5.0 (Macintosh; Intel Mac OS X) AppleWebKit/534.34 (KHTML, like Gecko) PhantomJS/1.9.2 Safari/534.34","webSecurityEnabled":true}
[INFO  - 2014-06-06T20:26:57.397Z] Session [e8093610-edb8-11e3-bb25-13d45cd58a9a] - page.customHeaders:  - {}
[INFO  - 2014-06-06T20:26:57.397Z] Session [e8093610-edb8-11e3-bb25-13d45cd58a9a] - CONSTRUCTOR - Desired Capabilities: {"platform":"ANY","browserName":"phantomjs","version":""}
[INFO  - 2014-06-06T20:26:57.397Z] Session [e8093610-edb8-11e3-bb25-13d45cd58a9a] - CONSTRUCTOR - Negotiated Capabilities: {"browserName":"phantomjs","version":"1.9.2","driverName":"ghostdriver","driverVersion":"1.0.4","platform":"mac-unknown-32bit","javascriptEnabled":true,"takesScreenshot":true,"handlesAlerts":false,"databaseEnabled":false,"locationContextEnabled":false,"applicationCacheEnabled":false,"browserConnectionEnabled":false,"cssSelectorsEnabled":true,"webStorageEnabled":false,"rotatable":false,"acceptSslCerts":false,"nativeEvents":true,"proxy":{"proxyType":"direct"}}
[INFO  - 2014-06-06T20:26:57.397Z] SessionManagerReqHand - _postNewSessionCommand - New Session Created: e8093610-edb8-11e3-bb25-13d45cd58a9a
[INFO  - 2014-06-06T20:26:58.189Z] ShutdownReqHand - _handle - About to shutdown
[INFO  - 2014-06-06T20:27:01.071Z] GhostDriver - Main - running on port 31967
[INFO  - 2014-06-06T20:27:01.151Z] Session [ea462dc0-edb8-11e3-878e-19e747196a45] - _decorateNewWindow - page.settings: {"XSSAuditingEnabled":false,"javascriptCanCloseWindows":true,"javascriptCanOpenWindows":true,"javascriptEnabled":true,"loadImages":true,"localToRemoteUrlAccessEnabled":false,"userAgent":"Mozilla/5.0 (Macintosh; Intel Mac OS X) AppleWebKit/534.34 (KHTML, like Gecko) PhantomJS/1.9.2 Safari/534.34","webSecurityEnabled":true}
[INFO  - 2014-06-06T20:27:01.151Z] Session [ea462dc0-edb8-11e3-878e-19e747196a45] - page.customHeaders:  - {}
[INFO  - 2014-06-06T20:27:01.151Z] Session [ea462dc0-edb8-11e3-878e-19e747196a45] - CONSTRUCTOR - Desired Capabilities: {"platform":"ANY","browserName":"phantomjs","version":""}
[INFO  - 2014-06-06T20:27:01.151Z] Session [ea462dc0-edb8-11e3-878e-19e747196a45] - CONSTRUCTOR - Negotiated Capabilities: {"browserName":"phantomjs","version":"1.9.2","driverName":"ghostdriver","driverVersion":"1.0.4","platform":"mac-unknown-32bit","javascriptEnabled":true,"takesScreenshot":true,"handlesAlerts":false,"databaseEnabled":false,"locationContextEnabled":false,"applicationCacheEnabled":false,"browserConnectionEnabled":false,"cssSelectorsEnabled":true,"webStorageEnabled":false,"rotatable":false,"acceptSslCerts":false,"nativeEvents":true,"proxy":{"proxyType":"direct"}}
[INFO  - 2014-06-06T20:27:01.151Z] SessionManagerReqHand - _postNewSessionCommand - New Session Created: ea462dc0-edb8-11e3-878e-19e747196a45
[INFO  - 2014-06-06T20:27:02.784Z] ShutdownReqHand - _handle - About to shutdown
[INFO  - 2014-06-06T20:27:05.627Z] GhostDriver - Main - running on port 23460
[INFO  - 2014-06-06T20:27:05.752Z] Session [ed041540-edb8-11e3-8ac7-93e42e5b8f7e] - _decorateNewWindow - page.settings: {"XSSAuditingEnabled":false,"javascriptCanCloseWindows":true,"javascriptCanOpenWindows":true,"javascriptEnabled":true,"loadImages":true,"localToRemoteUrlAccessEnabled":false,"userAgent":"Mozilla/5.0 (Macintosh; Intel Mac OS X) AppleWebKit/534.34 (KHTML, like Gecko) PhantomJS/1.9.2 Safari/534.34","webSecurityEnabled":true}
[INFO  - 2014-06-06T20:27:05.752Z] Session [ed041540-edb8-11e3-8ac7-93e42e5b8f7e] - page.customHeaders:  - {}
[INFO  - 2014-06-06T20:27:05.752Z] Session [ed041540-edb8-11e3-8ac7-93e42e5b8f7e] - CONSTRUCTOR - Desired Capabilities: {"platform":"ANY","browserName":"phantomjs","version":""}
[INFO  - 2014-06-06T20:27:05.752Z] Session [ed041540-edb8-11e3-8ac7-93e42e5b8f7e] - CONSTRUCTOR - Negotiated Capabilities: {"browserName":"phantomjs","version":"1.9.2","driverName":"ghostdriver","driverVersion":"1.0.4","platform":"mac-unknown-32bit","javascriptEnabled":true,"takesScreenshot":true,"handlesAlerts":false,"databaseEnabled":false,"locationContextEnabled":false,"applicationCacheEnabled":false,"browserConnectionEnabled":false,"cssSelectorsEnabled":true,"webStorageEnabled":false,"rotatable":false,"acceptSslCerts":false,"nativeEvents":true,"proxy":{"proxyType":"direct"}}
[INFO  - 2014-06-06T20:27:05.752Z] SessionManagerReqHand - _postNewSessionCommand - New Session Created: ed041540-edb8-11e3-8ac7-93e42e5b8f7e
[INFO  - 2014-06-06T20:27:06.859Z] ShutdownReqHand - _handle - About to shutdown
[INFO  - 2014-06-06T20:27:09.724Z] GhostDriver - Main - running on port 3949
[INFO  - 2014-06-06T20:27:09.844Z] Session [ef747900-edb8-11e3-925b-db8afef406a2] - _decorateNewWindow - page.settings: {"XSSAuditingEnabled":false,"javascriptCanCloseWindows":true,"javascriptCanOpenWindows":true,"javascriptEnabled":true,"loadImages":true,"localToRemoteUrlAccessEnabled":false,"userAgent":"Mozilla/5.0 (Macintosh; Intel Mac OS X) AppleWebKit/534.34 (KHTML, like Gecko) PhantomJS/1.9.2 Safari/534.34","webSecurityEnabled":true}
[INFO  - 2014-06-06T20:27:09.844Z] Session [ef747900-edb8-11e3-925b-db8afef406a2] - page.customHeaders:  - {}
[INFO  - 2014-06-06T20:27:09.844Z] Session [ef747900-edb8-11e3-925b-db8afef406a2] - CONSTRUCTOR - Desired Capabilities: {"platform":"ANY","browserName":"phantomjs","version":""}
[INFO  - 2014-06-06T20:27:09.844Z] Session [ef747900-edb8-11e3-925b-db8afef406a2] - CONSTRUCTOR - Negotiated Capabilities: {"browserName":"phantomjs","version":"1.9.2","driverName":"ghostdriver","driverVersion":"1.0.4","platform":"mac-unknown-32bit","javascriptEnabled":true,"takesScreenshot":true,"handlesAlerts":false,"databaseEnabled":false,"locationContextEnabled":false,"applicationCacheEnabled":false,"browserConnectionEnabled":false,"cssSelectorsEnabled":true,"webStorageEnabled":false,"rotatable":false,"acceptSslCerts":false,"nativeEvents":true,"proxy":{"proxyType":"direct"}}
[INFO  - 2014-06-06T20:27:09.844Z] SessionManagerReqHand - _postNewSessionCommand - New Session Created: ef747900-edb8-11e3-925b-db8afef406a2
[INFO  - 2014-06-06T20:27:10.429Z] ShutdownReqHand - _handle - About to shutdown
[INFO  - 2014-06-06T20:27:13.267Z] GhostDriver - Main - running on port 24362
[INFO  - 2014-06-06T20:27:13.382Z] Session [f1907b30-edb8-11e3-a7a9-733fb6871702] - _decorateNewWindow - page.settings: {"XSSAuditingEnabled":false,"javascriptCanCloseWindows":true,"javascriptCanOpenWindows":true,"javascriptEnabled":true,"loadImages":true,"localToRemoteUrlAccessEnabled":false,"userAgent":"Mozilla/5.0 (Macintosh; Intel Mac OS X) AppleWebKit/534.34 (KHTML, like Gecko) PhantomJS/1.9.2 Safari/534.34","webSecurityEnabled":true}
[INFO  - 2014-06-06T20:27:13.382Z] Session [f1907b30-edb8-11e3-a7a9-733fb6871702] - page.customHeaders:  - {}
[INFO  - 2014-06-06T20:27:13.383Z] Session [f1907b30-edb8-11e3-a7a9-733fb6871702] - CONSTRUCTOR - Desired Capabilities: {"platform":"ANY","browserName":"phantomjs","version":""}
[INFO  - 2014-06-06T20:27:13.383Z] Session [f1907b30-edb8-11e3-a7a9-733fb6871702] - CONSTRUCTOR - Negotiated Capabilities: {"browserName":"phantomjs","version":"1.9.2","driverName":"ghostdriver","driverVersion":"1.0.4","platform":"mac-unknown-32bit","javascriptEnabled":true,"takesScreenshot":true,"handlesAlerts":false,"databaseEnabled":false,"locationContextEnabled":false,"applicationCacheEnabled":false,"browserConnectionEnabled":false,"cssSelectorsEnabled":true,"webStorageEnabled":false,"rotatable":false,"acceptSslCerts":false,"nativeEvents":true,"proxy":{"proxyType":"direct"}}
[INFO  - 2014-06-06T20:27:13.383Z] SessionManagerReqHand - _postNewSessionCommand - New Session Created: f1907b30-edb8-11e3-a7a9-733fb6871702
[INFO  - 2014-06-06T20:27:14.152Z] ShutdownReqHand - _handle - About to shutdown
[INFO  - 2014-06-06T20:27:17.033Z] GhostDriver - Main - running on port 22093
[INFO  - 2014-06-06T20:27:17.096Z] Session [f3c70a40-edb8-11e3-8aea-8baad8393331] - _decorateNewWindow - page.settings: {"XSSAuditingEnabled":false,"javascriptCanCloseWindows":true,"javascriptCanOpenWindows":true,"javascriptEnabled":true,"loadImages":true,"localToRemoteUrlAccessEnabled":false,"userAgent":"Mozilla/5.0 (Macintosh; Intel Mac OS X) AppleWebKit/534.34 (KHTML, like Gecko) PhantomJS/1.9.2 Safari/534.34","webSecurityEnabled":true}
[INFO  - 2014-06-06T20:27:17.096Z] Session [f3c70a40-edb8-11e3-8aea-8baad8393331] - page.customHeaders:  - {}
[INFO  - 2014-06-06T20:27:17.096Z] Session [f3c70a40-edb8-11e3-8aea-8baad8393331] - CONSTRUCTOR - Desired Capabilities: {"platform":"ANY","browserName":"phantomjs","version":""}
[INFO  - 2014-06-06T20:27:17.096Z] Session [f3c70a40-edb8-11e3-8aea-8baad8393331] - CONSTRUCTOR - Negotiated Capabilities: {"browserName":"phantomjs","version":"1.9.2","driverName":"ghostdriver","driverVersion":"1.0.4","platform":"mac-unknown-32bit","javascriptEnabled":true,"takesScreenshot":true,"handlesAlerts":false,"databaseEnabled":false,"locationContextEnabled":false,"applicationCacheEnabled":false,"browserConnectionEnabled":false,"cssSelectorsEnabled":true,"webStorageEnabled":false,"rotatable":false,"acceptSslCerts":false,"nativeEvents":true,"proxy":{"proxyType":"direct"}}
[INFO  - 2014-06-06T20:27:17.096Z] SessionManagerReqHand - _postNewSessionCommand - New Session Created: f3c70a40-edb8-11e3-8aea-8baad8393331
[INFO  - 2014-06-06T20:27:17.771Z] ShutdownReqHand - _handle - About to shutdown
[INFO  - 2014-06-06T20:27:20.725Z] GhostDriver - Main - running on port 42455
[INFO  - 2014-06-06T20:27:20.766Z] Session [f5f709a0-edb8-11e3-bd1e-a7e485a89748] - _decorateNewWindow - page.settings: {"XSSAuditingEnabled":false,"javascriptCanCloseWindows":true,"javascriptCanOpenWindows":true,"javascriptEnabled":true,"loadImages":true,"localToRemoteUrlAccessEnabled":false,"userAgent":"Mozilla/5.0 (Macintosh; Intel Mac OS X) AppleWebKit/534.34 (KHTML, like Gecko) PhantomJS/1.9.2 Safari/534.34","webSecurityEnabled":true}
[INFO  - 2014-06-06T20:27:20.766Z] Session [f5f709a0-edb8-11e3-bd1e-a7e485a89748] - page.customHeaders:  - {}
[INFO  - 2014-06-06T20:27:20.766Z] Session [f5f709a0-edb8-11e3-bd1e-a7e485a89748] - CONSTRUCTOR - Desired Capabilities: {"platform":"ANY","browserName":"phantomjs","version":""}
[INFO  - 2014-06-06T20:27:20.766Z] Session [f5f709a0-edb8-11e3-bd1e-a7e485a89748] - CONSTRUCTOR - Negotiated Capabilities: {"browserName":"phantomjs","version":"1.9.2","driverName":"ghostdriver","driverVersion":"1.0.4","platform":"mac-unknown-32bit","javascriptEnabled":true,"takesScreenshot":true,"handlesAlerts":false,"databaseEnabled":false,"locationContextEnabled":false,"applicationCacheEnabled":false,"browserConnectionEnabled":false,"cssSelectorsEnabled":true,"webStorageEnabled":false,"rotatable":false,"acceptSslCerts":false,"nativeEvents":true,"proxy":{"proxyType":"direct"}}
[INFO  - 2014-06-06T20:27:20.766Z] SessionManagerReqHand - _postNewSessionCommand - New Session Created: f5f709a0-edb8-11e3-bd1e-a7e485a89748
[INFO  - 2014-06-06T20:27:21.467Z] ShutdownReqHand - _handle - About to shutdown
[INFO  - 2014-06-06T20:32:33.073Z] GhostDriver - Main - running on port 2745
[INFO  - 2014-06-06T20:32:33.208Z] Session [b0320e50-edb9-11e3-9c56-b9ffb232c75b] - _decorateNewWindow - page.settings: {"XSSAuditingEnabled":false,"javascriptCanCloseWindows":true,"javascriptCanOpenWindows":true,"javascriptEnabled":true,"loadImages":true,"localToRemoteUrlAccessEnabled":false,"userAgent":"Mozilla/5.0 (Macintosh; Intel Mac OS X) AppleWebKit/534.34 (KHTML, like Gecko) PhantomJS/1.9.2 Safari/534.34","webSecurityEnabled":true}
[INFO  - 2014-06-06T20:32:33.208Z] Session [b0320e50-edb9-11e3-9c56-b9ffb232c75b] - page.customHeaders:  - {}
[INFO  - 2014-06-06T20:32:33.209Z] Session [b0320e50-edb9-11e3-9c56-b9ffb232c75b] - CONSTRUCTOR - Desired Capabilities: {"platform":"ANY","browserName":"phantomjs","version":""}
[INFO  - 2014-06-06T20:32:33.209Z] Session [b0320e50-edb9-11e3-9c56-b9ffb232c75b] - CONSTRUCTOR - Negotiated Capabilities: {"browserName":"phantomjs","version":"1.9.2","driverName":"ghostdriver","driverVersion":"1.0.4","platform":"mac-unknown-32bit","javascriptEnabled":true,"takesScreenshot":true,"handlesAlerts":false,"databaseEnabled":false,"locationContextEnabled":false,"applicationCacheEnabled":false,"browserConnectionEnabled":false,"cssSelectorsEnabled":true,"webStorageEnabled":false,"rotatable":false,"acceptSslCerts":false,"nativeEvents":true,"proxy":{"proxyType":"direct"}}
[INFO  - 2014-06-06T20:32:33.209Z] SessionManagerReqHand - _postNewSessionCommand - New Session Created: b0320e50-edb9-11e3-9c56-b9ffb232c75b
[INFO  - 2014-06-06T20:32:34.502Z] ShutdownReqHand - _handle - About to shutdown
[INFO  - 2014-06-06T20:32:37.647Z] GhostDriver - Main - running on port 24438
[INFO  - 2014-06-06T20:32:37.733Z] Session [b2e48420-edb9-11e3-8a96-e192221f1b34] - _decorateNewWindow - page.settings: {"XSSAuditingEnabled":false,"javascriptCanCloseWindows":true,"javascriptCanOpenWindows":true,"javascriptEnabled":true,"loadImages":true,"localToRemoteUrlAccessEnabled":false,"userAgent":"Mozilla/5.0 (Macintosh; Intel Mac OS X) AppleWebKit/534.34 (KHTML, like Gecko) PhantomJS/1.9.2 Safari/534.34","webSecurityEnabled":true}
[INFO  - 2014-06-06T20:32:37.733Z] Session [b2e48420-edb9-11e3-8a96-e192221f1b34] - page.customHeaders:  - {}
[INFO  - 2014-06-06T20:32:37.733Z] Session [b2e48420-edb9-11e3-8a96-e192221f1b34] - CONSTRUCTOR - Desired Capabilities: {"platform":"ANY","browserName":"phantomjs","version":""}
[INFO  - 2014-06-06T20:32:37.734Z] Session [b2e48420-edb9-11e3-8a96-e192221f1b34] - CONSTRUCTOR - Negotiated Capabilities: {"browserName":"phantomjs","version":"1.9.2","driverName":"ghostdriver","driverVersion":"1.0.4","platform":"mac-unknown-32bit","javascriptEnabled":true,"takesScreenshot":true,"handlesAlerts":false,"databaseEnabled":false,"locationContextEnabled":false,"applicationCacheEnabled":false,"browserConnectionEnabled":false,"cssSelectorsEnabled":true,"webStorageEnabled":false,"rotatable":false,"acceptSslCerts":false,"nativeEvents":true,"proxy":{"proxyType":"direct"}}
[INFO  - 2014-06-06T20:32:37.734Z] SessionManagerReqHand - _postNewSessionCommand - New Session Created: b2e48420-edb9-11e3-8a96-e192221f1b34
[INFO  - 2014-06-06T20:32:38.500Z] ShutdownReqHand - _handle - About to shutdown
[INFO  - 2014-06-06T20:32:41.426Z] GhostDriver - Main - running on port 13838
[INFO  - 2014-06-06T20:32:41.526Z] Session [b5272120-edb9-11e3-98da-c387dcd49d2c] - _decorateNewWindow - page.settings: {"XSSAuditingEnabled":false,"javascriptCanCloseWindows":true,"javascriptCanOpenWindows":true,"javascriptEnabled":true,"loadImages":true,"localToRemoteUrlAccessEnabled":false,"userAgent":"Mozilla/5.0 (Macintosh; Intel Mac OS X) AppleWebKit/534.34 (KHTML, like Gecko) PhantomJS/1.9.2 Safari/534.34","webSecurityEnabled":true}
[INFO  - 2014-06-06T20:32:41.526Z] Session [b5272120-edb9-11e3-98da-c387dcd49d2c] - page.customHeaders:  - {}
[INFO  - 2014-06-06T20:32:41.526Z] Session [b5272120-edb9-11e3-98da-c387dcd49d2c] - CONSTRUCTOR - Desired Capabilities: {"platform":"ANY","browserName":"phantomjs","version":""}
[INFO  - 2014-06-06T20:32:41.526Z] Session [b5272120-edb9-11e3-98da-c387dcd49d2c] - CONSTRUCTOR - Negotiated Capabilities: {"browserName":"phantomjs","version":"1.9.2","driverName":"ghostdriver","driverVersion":"1.0.4","platform":"mac-unknown-32bit","javascriptEnabled":true,"takesScreenshot":true,"handlesAlerts":false,"databaseEnabled":false,"locationContextEnabled":false,"applicationCacheEnabled":false,"browserConnectionEnabled":false,"cssSelectorsEnabled":true,"webStorageEnabled":false,"rotatable":false,"acceptSslCerts":false,"nativeEvents":true,"proxy":{"proxyType":"direct"}}
[INFO  - 2014-06-06T20:32:41.526Z] SessionManagerReqHand - _postNewSessionCommand - New Session Created: b5272120-edb9-11e3-98da-c387dcd49d2c
[INFO  - 2014-06-06T20:32:42.895Z] ShutdownReqHand - _handle - About to shutdown
[INFO  - 2014-06-06T20:32:45.928Z] GhostDriver - Main - running on port 39146
[INFO  - 2014-06-06T20:32:46.375Z] Session [b80b0730-edb9-11e3-808b-314bee011e39] - _decorateNewWindow - page.settings: {"XSSAuditingEnabled":false,"javascriptCanCloseWindows":true,"javascriptCanOpenWindows":true,"javascriptEnabled":true,"loadImages":true,"localToRemoteUrlAccessEnabled":false,"userAgent":"Mozilla/5.0 (Macintosh; Intel Mac OS X) AppleWebKit/534.34 (KHTML, like Gecko) PhantomJS/1.9.2 Safari/534.34","webSecurityEnabled":true}
[INFO  - 2014-06-06T20:32:46.375Z] Session [b80b0730-edb9-11e3-808b-314bee011e39] - page.customHeaders:  - {}
[INFO  - 2014-06-06T20:32:46.375Z] Session [b80b0730-edb9-11e3-808b-314bee011e39] - CONSTRUCTOR - Desired Capabilities: {"platform":"ANY","browserName":"phantomjs","version":""}
[INFO  - 2014-06-06T20:32:46.375Z] Session [b80b0730-edb9-11e3-808b-314bee011e39] - CONSTRUCTOR - Negotiated Capabilities: {"browserName":"phantomjs","version":"1.9.2","driverName":"ghostdriver","driverVersion":"1.0.4","platform":"mac-unknown-32bit","javascriptEnabled":true,"takesScreenshot":true,"handlesAlerts":false,"databaseEnabled":false,"locationContextEnabled":false,"applicationCacheEnabled":false,"browserConnectionEnabled":false,"cssSelectorsEnabled":true,"webStorageEnabled":false,"rotatable":false,"acceptSslCerts":false,"nativeEvents":true,"proxy":{"proxyType":"direct"}}
[INFO  - 2014-06-06T20:32:46.376Z] SessionManagerReqHand - _postNewSessionCommand - New Session Created: b80b0730-edb9-11e3-808b-314bee011e39
[INFO  - 2014-06-06T20:32:47.102Z] ShutdownReqHand - _handle - About to shutdown
[INFO  - 2014-06-06T20:32:49.955Z] GhostDriver - Main - running on port 18462
[INFO  - 2014-06-06T20:32:50.062Z] Session [ba3d9ea0-edb9-11e3-89c6-f9d902d52477] - _decorateNewWindow - page.settings: {"XSSAuditingEnabled":false,"javascriptCanCloseWindows":true,"javascriptCanOpenWindows":true,"javascriptEnabled":true,"loadImages":true,"localToRemoteUrlAccessEnabled":false,"userAgent":"Mozilla/5.0 (Macintosh; Intel Mac OS X) AppleWebKit/534.34 (KHTML, like Gecko) PhantomJS/1.9.2 Safari/534.34","webSecurityEnabled":true}
[INFO  - 2014-06-06T20:32:50.062Z] Session [ba3d9ea0-edb9-11e3-89c6-f9d902d52477] - page.customHeaders:  - {}
[INFO  - 2014-06-06T20:32:50.062Z] Session [ba3d9ea0-edb9-11e3-89c6-f9d902d52477] - CONSTRUCTOR - Desired Capabilities: {"platform":"ANY","browserName":"phantomjs","version":""}
[INFO  - 2014-06-06T20:32:50.062Z] Session [ba3d9ea0-edb9-11e3-89c6-f9d902d52477] - CONSTRUCTOR - Negotiated Capabilities: {"browserName":"phantomjs","version":"1.9.2","driverName":"ghostdriver","driverVersion":"1.0.4","platform":"mac-unknown-32bit","javascriptEnabled":true,"takesScreenshot":true,"handlesAlerts":false,"databaseEnabled":false,"locationContextEnabled":false,"applicationCacheEnabled":false,"browserConnectionEnabled":false,"cssSelectorsEnabled":true,"webStorageEnabled":false,"rotatable":false,"acceptSslCerts":false,"nativeEvents":true,"proxy":{"proxyType":"direct"}}
[INFO  - 2014-06-06T20:32:50.062Z] SessionManagerReqHand - _postNewSessionCommand - New Session Created: ba3d9ea0-edb9-11e3-89c6-f9d902d52477
[INFO  - 2014-06-06T20:32:52.946Z] ShutdownReqHand - _handle - About to shutdown
[INFO  - 2014-06-06T20:32:55.826Z] GhostDriver - Main - running on port 7580
[INFO  - 2014-06-06T20:32:55.921Z] Session [bdbba1d0-edb9-11e3-ae22-513da1af196c] - _decorateNewWindow - page.settings: {"XSSAuditingEnabled":false,"javascriptCanCloseWindows":true,"javascriptCanOpenWindows":true,"javascriptEnabled":true,"loadImages":true,"localToRemoteUrlAccessEnabled":false,"userAgent":"Mozilla/5.0 (Macintosh; Intel Mac OS X) AppleWebKit/534.34 (KHTML, like Gecko) PhantomJS/1.9.2 Safari/534.34","webSecurityEnabled":true}
[INFO  - 2014-06-06T20:32:55.921Z] Session [bdbba1d0-edb9-11e3-ae22-513da1af196c] - page.customHeaders:  - {}
[INFO  - 2014-06-06T20:32:55.921Z] Session [bdbba1d0-edb9-11e3-ae22-513da1af196c] - CONSTRUCTOR - Desired Capabilities: {"platform":"ANY","browserName":"phantomjs","version":""}
[INFO  - 2014-06-06T20:32:55.921Z] Session [bdbba1d0-edb9-11e3-ae22-513da1af196c] - CONSTRUCTOR - Negotiated Capabilities: {"browserName":"phantomjs","version":"1.9.2","driverName":"ghostdriver","driverVersion":"1.0.4","platform":"mac-unknown-32bit","javascriptEnabled":true,"takesScreenshot":true,"handlesAlerts":false,"databaseEnabled":false,"locationContextEnabled":false,"applicationCacheEnabled":false,"browserConnectionEnabled":false,"cssSelectorsEnabled":true,"webStorageEnabled":false,"rotatable":false,"acceptSslCerts":false,"nativeEvents":true,"proxy":{"proxyType":"direct"}}
[INFO  - 2014-06-06T20:32:55.921Z] SessionManagerReqHand - _postNewSessionCommand - New Session Created: bdbba1d0-edb9-11e3-ae22-513da1af196c
[INFO  - 2014-06-06T20:32:58.255Z] ShutdownReqHand - _handle - About to shutdown
[INFO  - 2014-06-06T20:33:01.279Z] GhostDriver - Main - running on port 47041
[INFO  - 2014-06-06T20:33:01.369Z] Session [c0faee50-edb9-11e3-af59-1fba5dabaef6] - _decorateNewWindow - page.settings: {"XSSAuditingEnabled":false,"javascriptCanCloseWindows":true,"javascriptCanOpenWindows":true,"javascriptEnabled":true,"loadImages":true,"localToRemoteUrlAccessEnabled":false,"userAgent":"Mozilla/5.0 (Macintosh; Intel Mac OS X) AppleWebKit/534.34 (KHTML, like Gecko) PhantomJS/1.9.2 Safari/534.34","webSecurityEnabled":true}
[INFO  - 2014-06-06T20:33:01.369Z] Session [c0faee50-edb9-11e3-af59-1fba5dabaef6] - page.customHeaders:  - {}
[INFO  - 2014-06-06T20:33:01.369Z] Session [c0faee50-edb9-11e3-af59-1fba5dabaef6] - CONSTRUCTOR - Desired Capabilities: {"platform":"ANY","browserName":"phantomjs","version":""}
[INFO  - 2014-06-06T20:33:01.369Z] Session [c0faee50-edb9-11e3-af59-1fba5dabaef6] - CONSTRUCTOR - Negotiated Capabilities: {"browserName":"phantomjs","version":"1.9.2","driverName":"ghostdriver","driverVersion":"1.0.4","platform":"mac-unknown-32bit","javascriptEnabled":true,"takesScreenshot":true,"handlesAlerts":false,"databaseEnabled":false,"locationContextEnabled":false,"applicationCacheEnabled":false,"browserConnectionEnabled":false,"cssSelectorsEnabled":true,"webStorageEnabled":false,"rotatable":false,"acceptSslCerts":false,"nativeEvents":true,"proxy":{"proxyType":"direct"}}
[INFO  - 2014-06-06T20:33:01.369Z] SessionManagerReqHand - _postNewSessionCommand - New Session Created: c0faee50-edb9-11e3-af59-1fba5dabaef6
[INFO  - 2014-06-06T20:33:02.333Z] ShutdownReqHand - _handle - About to shutdown
[INFO  - 2014-06-06T20:33:05.216Z] GhostDriver - Main - running on port 14881
[INFO  - 2014-06-06T20:33:05.314Z] Session [c354bcd0-edb9-11e3-970a-954e5eb13282] - _decorateNewWindow - page.settings: {"XSSAuditingEnabled":false,"javascriptCanCloseWindows":true,"javascriptCanOpenWindows":true,"javascriptEnabled":true,"loadImages":true,"localToRemoteUrlAccessEnabled":false,"userAgent":"Mozilla/5.0 (Macintosh; Intel Mac OS X) AppleWebKit/534.34 (KHTML, like Gecko) PhantomJS/1.9.2 Safari/534.34","webSecurityEnabled":true}
[INFO  - 2014-06-06T20:33:05.314Z] Session [c354bcd0-edb9-11e3-970a-954e5eb13282] - page.customHeaders:  - {}
[INFO  - 2014-06-06T20:33:05.314Z] Session [c354bcd0-edb9-11e3-970a-954e5eb13282] - CONSTRUCTOR - Desired Capabilities: {"platform":"ANY","browserName":"phantomjs","version":""}
[INFO  - 2014-06-06T20:33:05.314Z] Session [c354bcd0-edb9-11e3-970a-954e5eb13282] - CONSTRUCTOR - Negotiated Capabilities: {"browserName":"phantomjs","version":"1.9.2","driverName":"ghostdriver","driverVersion":"1.0.4","platform":"mac-unknown-32bit","javascriptEnabled":true,"takesScreenshot":true,"handlesAlerts":false,"databaseEnabled":false,"locationContextEnabled":false,"applicationCacheEnabled":false,"browserConnectionEnabled":false,"cssSelectorsEnabled":true,"webStorageEnabled":false,"rotatable":false,"acceptSslCerts":false,"nativeEvents":true,"proxy":{"proxyType":"direct"}}
[INFO  - 2014-06-06T20:33:05.314Z] SessionManagerReqHand - _postNewSessionCommand - New Session Created: c354bcd0-edb9-11e3-970a-954e5eb13282
[INFO  - 2014-06-06T20:33:06.098Z] ShutdownReqHand - _handle - About to shutdown
[INFO  - 2014-06-06T20:33:09.005Z] GhostDriver - Main - running on port 33262
[INFO  - 2014-06-06T20:33:09.079Z] Session [c5938940-edb9-11e3-acb8-a7530c26a916] - _decorateNewWindow - page.settings: {"XSSAuditingEnabled":false,"javascriptCanCloseWindows":true,"javascriptCanOpenWindows":true,"javascriptEnabled":true,"loadImages":true,"localToRemoteUrlAccessEnabled":false,"userAgent":"Mozilla/5.0 (Macintosh; Intel Mac OS X) AppleWebKit/534.34 (KHTML, like Gecko) PhantomJS/1.9.2 Safari/534.34","webSecurityEnabled":true}
[INFO  - 2014-06-06T20:33:09.079Z] Session [c5938940-edb9-11e3-acb8-a7530c26a916] - page.customHeaders:  - {}
[INFO  - 2014-06-06T20:33:09.079Z] Session [c5938940-edb9-11e3-acb8-a7530c26a916] - CONSTRUCTOR - Desired Capabilities: {"platform":"ANY","browserName":"phantomjs","version":""}
[INFO  - 2014-06-06T20:33:09.079Z] Session [c5938940-edb9-11e3-acb8-a7530c26a916] - CONSTRUCTOR - Negotiated Capabilities: {"browserName":"phantomjs","version":"1.9.2","driverName":"ghostdriver","driverVersion":"1.0.4","platform":"mac-unknown-32bit","javascriptEnabled":true,"takesScreenshot":true,"handlesAlerts":false,"databaseEnabled":false,"locationContextEnabled":false,"applicationCacheEnabled":false,"browserConnectionEnabled":false,"cssSelectorsEnabled":true,"webStorageEnabled":false,"rotatable":false,"acceptSslCerts":false,"nativeEvents":true,"proxy":{"proxyType":"direct"}}
[INFO  - 2014-06-06T20:33:09.079Z] SessionManagerReqHand - _postNewSessionCommand - New Session Created: c5938940-edb9-11e3-acb8-a7530c26a916
[INFO  - 2014-06-06T20:33:11.220Z] ShutdownReqHand - _handle - About to shutdown
[INFO  - 2014-06-06T20:33:14.059Z] GhostDriver - Main - running on port 6570
[INFO  - 2014-06-06T20:33:14.180Z] Session [c89dbc00-edb9-11e3-a199-15964a95bda5] - _decorateNewWindow - page.settings: {"XSSAuditingEnabled":false,"javascriptCanCloseWindows":true,"javascriptCanOpenWindows":true,"javascriptEnabled":true,"loadImages":true,"localToRemoteUrlAccessEnabled":false,"userAgent":"Mozilla/5.0 (Macintosh; Intel Mac OS X) AppleWebKit/534.34 (KHTML, like Gecko) PhantomJS/1.9.2 Safari/534.34","webSecurityEnabled":true}
[INFO  - 2014-06-06T20:33:14.180Z] Session [c89dbc00-edb9-11e3-a199-15964a95bda5] - page.customHeaders:  - {}
[INFO  - 2014-06-06T20:33:14.180Z] Session [c89dbc00-edb9-11e3-a199-15964a95bda5] - CONSTRUCTOR - Desired Capabilities: {"platform":"ANY","browserName":"phantomjs","version":""}
[INFO  - 2014-06-06T20:33:14.180Z] Session [c89dbc00-edb9-11e3-a199-15964a95bda5] - CONSTRUCTOR - Negotiated Capabilities: {"browserName":"phantomjs","version":"1.9.2","driverName":"ghostdriver","driverVersion":"1.0.4","platform":"mac-unknown-32bit","javascriptEnabled":true,"takesScreenshot":true,"handlesAlerts":false,"databaseEnabled":false,"locationContextEnabled":false,"applicationCacheEnabled":false,"browserConnectionEnabled":false,"cssSelectorsEnabled":true,"webStorageEnabled":false,"rotatable":false,"acceptSslCerts":false,"nativeEvents":true,"proxy":{"proxyType":"direct"}}
[INFO  - 2014-06-06T20:33:14.180Z] SessionManagerReqHand - _postNewSessionCommand - New Session Created: c89dbc00-edb9-11e3-a199-15964a95bda5
[INFO  - 2014-06-06T20:33:15.294Z] ShutdownReqHand - _handle - About to shutdown
[INFO  - 2014-06-06T20:33:18.164Z] GhostDriver - Main - running on port 14016
[INFO  - 2014-06-06T20:33:18.286Z] Session [cb1042a0-edb9-11e3-b5f7-93d1e889e9a4] - _decorateNewWindow - page.settings: {"XSSAuditingEnabled":false,"javascriptCanCloseWindows":true,"javascriptCanOpenWindows":true,"javascriptEnabled":true,"loadImages":true,"localToRemoteUrlAccessEnabled":false,"userAgent":"Mozilla/5.0 (Macintosh; Intel Mac OS X) AppleWebKit/534.34 (KHTML, like Gecko) PhantomJS/1.9.2 Safari/534.34","webSecurityEnabled":true}
[INFO  - 2014-06-06T20:33:18.286Z] Session [cb1042a0-edb9-11e3-b5f7-93d1e889e9a4] - page.customHeaders:  - {}
[INFO  - 2014-06-06T20:33:18.286Z] Session [cb1042a0-edb9-11e3-b5f7-93d1e889e9a4] - CONSTRUCTOR - Desired Capabilities: {"platform":"ANY","browserName":"phantomjs","version":""}
[INFO  - 2014-06-06T20:33:18.286Z] Session [cb1042a0-edb9-11e3-b5f7-93d1e889e9a4] - CONSTRUCTOR - Negotiated Capabilities: {"browserName":"phantomjs","version":"1.9.2","driverName":"ghostdriver","driverVersion":"1.0.4","platform":"mac-unknown-32bit","javascriptEnabled":true,"takesScreenshot":true,"handlesAlerts":false,"databaseEnabled":false,"locationContextEnabled":false,"applicationCacheEnabled":false,"browserConnectionEnabled":false,"cssSelectorsEnabled":true,"webStorageEnabled":false,"rotatable":false,"acceptSslCerts":false,"nativeEvents":true,"proxy":{"proxyType":"direct"}}
[INFO  - 2014-06-06T20:33:18.286Z] SessionManagerReqHand - _postNewSessionCommand - New Session Created: cb1042a0-edb9-11e3-b5f7-93d1e889e9a4
[INFO  - 2014-06-06T20:33:18.865Z] ShutdownReqHand - _handle - About to shutdown
[INFO  - 2014-06-06T20:33:21.714Z] GhostDriver - Main - running on port 18265
[INFO  - 2014-06-06T20:33:21.826Z] Session [cd2c92f0-edb9-11e3-bbc1-a73f9ce1d911] - _decorateNewWindow - page.settings: {"XSSAuditingEnabled":false,"javascriptCanCloseWindows":true,"javascriptCanOpenWindows":true,"javascriptEnabled":true,"loadImages":true,"localToRemoteUrlAccessEnabled":false,"userAgent":"Mozilla/5.0 (Macintosh; Intel Mac OS X) AppleWebKit/534.34 (KHTML, like Gecko) PhantomJS/1.9.2 Safari/534.34","webSecurityEnabled":true}
[INFO  - 2014-06-06T20:33:21.826Z] Session [cd2c92f0-edb9-11e3-bbc1-a73f9ce1d911] - page.customHeaders:  - {}
[INFO  - 2014-06-06T20:33:21.827Z] Session [cd2c92f0-edb9-11e3-bbc1-a73f9ce1d911] - CONSTRUCTOR - Desired Capabilities: {"platform":"ANY","browserName":"phantomjs","version":""}
[INFO  - 2014-06-06T20:33:21.827Z] Session [cd2c92f0-edb9-11e3-bbc1-a73f9ce1d911] - CONSTRUCTOR - Negotiated Capabilities: {"browserName":"phantomjs","version":"1.9.2","driverName":"ghostdriver","driverVersion":"1.0.4","platform":"mac-unknown-32bit","javascriptEnabled":true,"takesScreenshot":true,"handlesAlerts":false,"databaseEnabled":false,"locationContextEnabled":false,"applicationCacheEnabled":false,"browserConnectionEnabled":false,"cssSelectorsEnabled":true,"webStorageEnabled":false,"rotatable":false,"acceptSslCerts":false,"nativeEvents":true,"proxy":{"proxyType":"direct"}}
[INFO  - 2014-06-06T20:33:21.827Z] SessionManagerReqHand - _postNewSessionCommand - New Session Created: cd2c92f0-edb9-11e3-bbc1-a73f9ce1d911
[INFO  - 2014-06-06T20:33:22.626Z] ShutdownReqHand - _handle - About to shutdown
[INFO  - 2014-06-06T20:33:25.459Z] GhostDriver - Main - running on port 22558
[INFO  - 2014-06-06T20:33:25.568Z] Session [cf6767c0-edb9-11e3-942e-41ce8cce4b15] - _decorateNewWindow - page.settings: {"XSSAuditingEnabled":false,"javascriptCanCloseWindows":true,"javascriptCanOpenWindows":true,"javascriptEnabled":true,"loadImages":true,"localToRemoteUrlAccessEnabled":false,"userAgent":"Mozilla/5.0 (Macintosh; Intel Mac OS X) AppleWebKit/534.34 (KHTML, like Gecko) PhantomJS/1.9.2 Safari/534.34","webSecurityEnabled":true}
[INFO  - 2014-06-06T20:33:25.568Z] Session [cf6767c0-edb9-11e3-942e-41ce8cce4b15] - page.customHeaders:  - {}
[INFO  - 2014-06-06T20:33:25.568Z] Session [cf6767c0-edb9-11e3-942e-41ce8cce4b15] - CONSTRUCTOR - Desired Capabilities: {"platform":"ANY","browserName":"phantomjs","version":""}
[INFO  - 2014-06-06T20:33:25.568Z] Session [cf6767c0-edb9-11e3-942e-41ce8cce4b15] - CONSTRUCTOR - Negotiated Capabilities: {"browserName":"phantomjs","version":"1.9.2","driverName":"ghostdriver","driverVersion":"1.0.4","platform":"mac-unknown-32bit","javascriptEnabled":true,"takesScreenshot":true,"handlesAlerts":false,"databaseEnabled":false,"locationContextEnabled":false,"applicationCacheEnabled":false,"browserConnectionEnabled":false,"cssSelectorsEnabled":true,"webStorageEnabled":false,"rotatable":false,"acceptSslCerts":false,"nativeEvents":true,"proxy":{"proxyType":"direct"}}
[INFO  - 2014-06-06T20:33:25.568Z] SessionManagerReqHand - _postNewSessionCommand - New Session Created: cf6767c0-edb9-11e3-942e-41ce8cce4b15
[INFO  - 2014-06-06T20:33:26.327Z] ShutdownReqHand - _handle - About to shutdown
[INFO  - 2014-06-06T20:33:29.140Z] GhostDriver - Main - running on port 47907
[INFO  - 2014-06-06T20:33:29.260Z] Session [d19ac280-edb9-11e3-93c9-adee430c6357] - _decorateNewWindow - page.settings: {"XSSAuditingEnabled":false,"javascriptCanCloseWindows":true,"javascriptCanOpenWindows":true,"javascriptEnabled":true,"loadImages":true,"localToRemoteUrlAccessEnabled":false,"userAgent":"Mozilla/5.0 (Macintosh; Intel Mac OS X) AppleWebKit/534.34 (KHTML, like Gecko) PhantomJS/1.9.2 Safari/534.34","webSecurityEnabled":true}
[INFO  - 2014-06-06T20:33:29.260Z] Session [d19ac280-edb9-11e3-93c9-adee430c6357] - page.customHeaders:  - {}
[INFO  - 2014-06-06T20:33:29.260Z] Session [d19ac280-edb9-11e3-93c9-adee430c6357] - CONSTRUCTOR - Desired Capabilities: {"platform":"ANY","browserName":"phantomjs","version":""}
[INFO  - 2014-06-06T20:33:29.260Z] Session [d19ac280-edb9-11e3-93c9-adee430c6357] - CONSTRUCTOR - Negotiated Capabilities: {"browserName":"phantomjs","version":"1.9.2","driverName":"ghostdriver","driverVersion":"1.0.4","platform":"mac-unknown-32bit","javascriptEnabled":true,"takesScreenshot":true,"handlesAlerts":false,"databaseEnabled":false,"locationContextEnabled":false,"applicationCacheEnabled":false,"browserConnectionEnabled":false,"cssSelectorsEnabled":true,"webStorageEnabled":false,"rotatable":false,"acceptSslCerts":false,"nativeEvents":true,"proxy":{"proxyType":"direct"}}
[INFO  - 2014-06-06T20:33:29.261Z] SessionManagerReqHand - _postNewSessionCommand - New Session Created: d19ac280-edb9-11e3-93c9-adee430c6357
[INFO  - 2014-06-06T20:33:30.004Z] ShutdownReqHand - _handle - About to shutdown
[INFO  - 2014-06-06T20:36:02.202Z] GhostDriver - Main - running on port 13922
[INFO  - 2014-06-06T20:36:02.342Z] Session [2cd95f30-edba-11e3-9dab-af8693d86d56] - _decorateNewWindow - page.settings: {"XSSAuditingEnabled":false,"javascriptCanCloseWindows":true,"javascriptCanOpenWindows":true,"javascriptEnabled":true,"loadImages":true,"localToRemoteUrlAccessEnabled":false,"userAgent":"Mozilla/5.0 (Macintosh; Intel Mac OS X) AppleWebKit/534.34 (KHTML, like Gecko) PhantomJS/1.9.2 Safari/534.34","webSecurityEnabled":true}
[INFO  - 2014-06-06T20:36:02.342Z] Session [2cd95f30-edba-11e3-9dab-af8693d86d56] - page.customHeaders:  - {}
[INFO  - 2014-06-06T20:36:02.342Z] Session [2cd95f30-edba-11e3-9dab-af8693d86d56] - CONSTRUCTOR - Desired Capabilities: {"platform":"ANY","browserName":"phantomjs","version":""}
[INFO  - 2014-06-06T20:36:02.342Z] Session [2cd95f30-edba-11e3-9dab-af8693d86d56] - CONSTRUCTOR - Negotiated Capabilities: {"browserName":"phantomjs","version":"1.9.2","driverName":"ghostdriver","driverVersion":"1.0.4","platform":"mac-unknown-32bit","javascriptEnabled":true,"takesScreenshot":true,"handlesAlerts":false,"databaseEnabled":false,"locationContextEnabled":false,"applicationCacheEnabled":false,"browserConnectionEnabled":false,"cssSelectorsEnabled":true,"webStorageEnabled":false,"rotatable":false,"acceptSslCerts":false,"nativeEvents":true,"proxy":{"proxyType":"direct"}}
[INFO  - 2014-06-06T20:36:02.342Z] SessionManagerReqHand - _postNewSessionCommand - New Session Created: 2cd95f30-edba-11e3-9dab-af8693d86d56
[INFO  - 2014-06-06T20:36:03.638Z] ShutdownReqHand - _handle - About to shutdown
[INFO  - 2014-06-06T20:36:06.671Z] GhostDriver - Main - running on port 8460
[INFO  - 2014-06-06T20:36:06.779Z] Session [2f7e6780-edba-11e3-b1a6-b3d3393221ee] - _decorateNewWindow - page.settings: {"XSSAuditingEnabled":false,"javascriptCanCloseWindows":true,"javascriptCanOpenWindows":true,"javascriptEnabled":true,"loadImages":true,"localToRemoteUrlAccessEnabled":false,"userAgent":"Mozilla/5.0 (Macintosh; Intel Mac OS X) AppleWebKit/534.34 (KHTML, like Gecko) PhantomJS/1.9.2 Safari/534.34","webSecurityEnabled":true}
[INFO  - 2014-06-06T20:36:06.779Z] Session [2f7e6780-edba-11e3-b1a6-b3d3393221ee] - page.customHeaders:  - {}
[INFO  - 2014-06-06T20:36:06.780Z] Session [2f7e6780-edba-11e3-b1a6-b3d3393221ee] - CONSTRUCTOR - Desired Capabilities: {"platform":"ANY","browserName":"phantomjs","version":""}
[INFO  - 2014-06-06T20:36:06.780Z] Session [2f7e6780-edba-11e3-b1a6-b3d3393221ee] - CONSTRUCTOR - Negotiated Capabilities: {"browserName":"phantomjs","version":"1.9.2","driverName":"ghostdriver","driverVersion":"1.0.4","platform":"mac-unknown-32bit","javascriptEnabled":true,"takesScreenshot":true,"handlesAlerts":false,"databaseEnabled":false,"locationContextEnabled":false,"applicationCacheEnabled":false,"browserConnectionEnabled":false,"cssSelectorsEnabled":true,"webStorageEnabled":false,"rotatable":false,"acceptSslCerts":false,"nativeEvents":true,"proxy":{"proxyType":"direct"}}
[INFO  - 2014-06-06T20:36:06.780Z] SessionManagerReqHand - _postNewSessionCommand - New Session Created: 2f7e6780-edba-11e3-b1a6-b3d3393221ee
[INFO  - 2014-06-06T20:36:07.537Z] ShutdownReqHand - _handle - About to shutdown
[INFO  - 2014-06-06T20:36:10.371Z] GhostDriver - Main - running on port 43058
[INFO  - 2014-06-06T20:36:10.480Z] Session [31b2fac0-edba-11e3-a13f-39e000150de9] - _decorateNewWindow - page.settings: {"XSSAuditingEnabled":false,"javascriptCanCloseWindows":true,"javascriptCanOpenWindows":true,"javascriptEnabled":true,"loadImages":true,"localToRemoteUrlAccessEnabled":false,"userAgent":"Mozilla/5.0 (Macintosh; Intel Mac OS X) AppleWebKit/534.34 (KHTML, like Gecko) PhantomJS/1.9.2 Safari/534.34","webSecurityEnabled":true}
[INFO  - 2014-06-06T20:36:10.480Z] Session [31b2fac0-edba-11e3-a13f-39e000150de9] - page.customHeaders:  - {}
[INFO  - 2014-06-06T20:36:10.480Z] Session [31b2fac0-edba-11e3-a13f-39e000150de9] - CONSTRUCTOR - Desired Capabilities: {"platform":"ANY","browserName":"phantomjs","version":""}
[INFO  - 2014-06-06T20:36:10.480Z] Session [31b2fac0-edba-11e3-a13f-39e000150de9] - CONSTRUCTOR - Negotiated Capabilities: {"browserName":"phantomjs","version":"1.9.2","driverName":"ghostdriver","driverVersion":"1.0.4","platform":"mac-unknown-32bit","javascriptEnabled":true,"takesScreenshot":true,"handlesAlerts":false,"databaseEnabled":false,"locationContextEnabled":false,"applicationCacheEnabled":false,"browserConnectionEnabled":false,"cssSelectorsEnabled":true,"webStorageEnabled":false,"rotatable":false,"acceptSslCerts":false,"nativeEvents":true,"proxy":{"proxyType":"direct"}}
[INFO  - 2014-06-06T20:36:10.480Z] SessionManagerReqHand - _postNewSessionCommand - New Session Created: 31b2fac0-edba-11e3-a13f-39e000150de9
[INFO  - 2014-06-06T20:36:11.240Z] ShutdownReqHand - _handle - About to shutdown
[INFO  - 2014-06-06T20:36:14.010Z] GhostDriver - Main - running on port 42086
[INFO  - 2014-06-06T20:36:14.118Z] Session [33de1820-edba-11e3-8c3a-3370e26f58da] - _decorateNewWindow - page.settings: {"XSSAuditingEnabled":false,"javascriptCanCloseWindows":true,"javascriptCanOpenWindows":true,"javascriptEnabled":true,"loadImages":true,"localToRemoteUrlAccessEnabled":false,"userAgent":"Mozilla/5.0 (Macintosh; Intel Mac OS X) AppleWebKit/534.34 (KHTML, like Gecko) PhantomJS/1.9.2 Safari/534.34","webSecurityEnabled":true}
[INFO  - 2014-06-06T20:36:14.118Z] Session [33de1820-edba-11e3-8c3a-3370e26f58da] - page.customHeaders:  - {}
[INFO  - 2014-06-06T20:36:14.118Z] Session [33de1820-edba-11e3-8c3a-3370e26f58da] - CONSTRUCTOR - Desired Capabilities: {"platform":"ANY","browserName":"phantomjs","version":""}
[INFO  - 2014-06-06T20:36:14.118Z] Session [33de1820-edba-11e3-8c3a-3370e26f58da] - CONSTRUCTOR - Negotiated Capabilities: {"browserName":"phantomjs","version":"1.9.2","driverName":"ghostdriver","driverVersion":"1.0.4","platform":"mac-unknown-32bit","javascriptEnabled":true,"takesScreenshot":true,"handlesAlerts":false,"databaseEnabled":false,"locationContextEnabled":false,"applicationCacheEnabled":false,"browserConnectionEnabled":false,"cssSelectorsEnabled":true,"webStorageEnabled":false,"rotatable":false,"acceptSslCerts":false,"nativeEvents":true,"proxy":{"proxyType":"direct"}}
[INFO  - 2014-06-06T20:36:14.118Z] SessionManagerReqHand - _postNewSessionCommand - New Session Created: 33de1820-edba-11e3-8c3a-3370e26f58da
[INFO  - 2014-06-06T20:36:14.751Z] ShutdownReqHand - _handle - About to shutdown
[INFO  - 2014-06-06T20:36:17.559Z] GhostDriver - Main - running on port 2725
[INFO  - 2014-06-06T20:36:17.653Z] Session [35f9a520-edba-11e3-ab66-393378ce1df2] - _decorateNewWindow - page.settings: {"XSSAuditingEnabled":false,"javascriptCanCloseWindows":true,"javascriptCanOpenWindows":true,"javascriptEnabled":true,"loadImages":true,"localToRemoteUrlAccessEnabled":false,"userAgent":"Mozilla/5.0 (Macintosh; Intel Mac OS X) AppleWebKit/534.34 (KHTML, like Gecko) PhantomJS/1.9.2 Safari/534.34","webSecurityEnabled":true}
[INFO  - 2014-06-06T20:36:17.653Z] Session [35f9a520-edba-11e3-ab66-393378ce1df2] - page.customHeaders:  - {}
[INFO  - 2014-06-06T20:36:17.653Z] Session [35f9a520-edba-11e3-ab66-393378ce1df2] - CONSTRUCTOR - Desired Capabilities: {"platform":"ANY","browserName":"phantomjs","version":""}
[INFO  - 2014-06-06T20:36:17.653Z] Session [35f9a520-edba-11e3-ab66-393378ce1df2] - CONSTRUCTOR - Negotiated Capabilities: {"browserName":"phantomjs","version":"1.9.2","driverName":"ghostdriver","driverVersion":"1.0.4","platform":"mac-unknown-32bit","javascriptEnabled":true,"takesScreenshot":true,"handlesAlerts":false,"databaseEnabled":false,"locationContextEnabled":false,"applicationCacheEnabled":false,"browserConnectionEnabled":false,"cssSelectorsEnabled":true,"webStorageEnabled":false,"rotatable":false,"acceptSslCerts":false,"nativeEvents":true,"proxy":{"proxyType":"direct"}}
[INFO  - 2014-06-06T20:36:17.653Z] SessionManagerReqHand - _postNewSessionCommand - New Session Created: 35f9a520-edba-11e3-ab66-393378ce1df2
[INFO  - 2014-06-06T20:36:20.530Z] ShutdownReqHand - _handle - About to shutdown
[INFO  - 2014-06-06T20:36:23.498Z] GhostDriver - Main - running on port 32135
[INFO  - 2014-06-06T20:36:23.524Z] Session [39797d10-edba-11e3-ae94-df5b52393af6] - _decorateNewWindow - page.settings: {"XSSAuditingEnabled":false,"javascriptCanCloseWindows":true,"javascriptCanOpenWindows":true,"javascriptEnabled":true,"loadImages":true,"localToRemoteUrlAccessEnabled":false,"userAgent":"Mozilla/5.0 (Macintosh; Intel Mac OS X) AppleWebKit/534.34 (KHTML, like Gecko) PhantomJS/1.9.2 Safari/534.34","webSecurityEnabled":true}
[INFO  - 2014-06-06T20:36:23.524Z] Session [39797d10-edba-11e3-ae94-df5b52393af6] - page.customHeaders:  - {}
[INFO  - 2014-06-06T20:36:23.525Z] Session [39797d10-edba-11e3-ae94-df5b52393af6] - CONSTRUCTOR - Desired Capabilities: {"platform":"ANY","browserName":"phantomjs","version":""}
[INFO  - 2014-06-06T20:36:23.525Z] Session [39797d10-edba-11e3-ae94-df5b52393af6] - CONSTRUCTOR - Negotiated Capabilities: {"browserName":"phantomjs","version":"1.9.2","driverName":"ghostdriver","driverVersion":"1.0.4","platform":"mac-unknown-32bit","javascriptEnabled":true,"takesScreenshot":true,"handlesAlerts":false,"databaseEnabled":false,"locationContextEnabled":false,"applicationCacheEnabled":false,"browserConnectionEnabled":false,"cssSelectorsEnabled":true,"webStorageEnabled":false,"rotatable":false,"acceptSslCerts":false,"nativeEvents":true,"proxy":{"proxyType":"direct"}}
[INFO  - 2014-06-06T20:36:23.525Z] SessionManagerReqHand - _postNewSessionCommand - New Session Created: 39797d10-edba-11e3-ae94-df5b52393af6
[INFO  - 2014-06-06T20:36:25.881Z] ShutdownReqHand - _handle - About to shutdown
[INFO  - 2014-06-06T20:36:28.674Z] GhostDriver - Main - running on port 45597
[INFO  - 2014-06-06T20:36:28.742Z] Session [3c95b130-edba-11e3-8b3d-8be4b028bfbd] - _decorateNewWindow - page.settings: {"XSSAuditingEnabled":false,"javascriptCanCloseWindows":true,"javascriptCanOpenWindows":true,"javascriptEnabled":true,"loadImages":true,"localToRemoteUrlAccessEnabled":false,"userAgent":"Mozilla/5.0 (Macintosh; Intel Mac OS X) AppleWebKit/534.34 (KHTML, like Gecko) PhantomJS/1.9.2 Safari/534.34","webSecurityEnabled":true}
[INFO  - 2014-06-06T20:36:28.743Z] Session [3c95b130-edba-11e3-8b3d-8be4b028bfbd] - page.customHeaders:  - {}
[INFO  - 2014-06-06T20:36:28.743Z] Session [3c95b130-edba-11e3-8b3d-8be4b028bfbd] - CONSTRUCTOR - Desired Capabilities: {"platform":"ANY","browserName":"phantomjs","version":""}
[INFO  - 2014-06-06T20:36:28.743Z] Session [3c95b130-edba-11e3-8b3d-8be4b028bfbd] - CONSTRUCTOR - Negotiated Capabilities: {"browserName":"phantomjs","version":"1.9.2","driverName":"ghostdriver","driverVersion":"1.0.4","platform":"mac-unknown-32bit","javascriptEnabled":true,"takesScreenshot":true,"handlesAlerts":false,"databaseEnabled":false,"locationContextEnabled":false,"applicationCacheEnabled":false,"browserConnectionEnabled":false,"cssSelectorsEnabled":true,"webStorageEnabled":false,"rotatable":false,"acceptSslCerts":false,"nativeEvents":true,"proxy":{"proxyType":"direct"}}
[INFO  - 2014-06-06T20:36:28.743Z] SessionManagerReqHand - _postNewSessionCommand - New Session Created: 3c95b130-edba-11e3-8b3d-8be4b028bfbd
[INFO  - 2014-06-06T20:36:29.717Z] ShutdownReqHand - _handle - About to shutdown
[INFO  - 2014-06-06T20:36:32.740Z] GhostDriver - Main - running on port 42443
[INFO  - 2014-06-06T20:36:32.838Z] Session [3f06b130-edba-11e3-899a-b710a1494bbe] - _decorateNewWindow - page.settings: {"XSSAuditingEnabled":false,"javascriptCanCloseWindows":true,"javascriptCanOpenWindows":true,"javascriptEnabled":true,"loadImages":true,"localToRemoteUrlAccessEnabled":false,"userAgent":"Mozilla/5.0 (Macintosh; Intel Mac OS X) AppleWebKit/534.34 (KHTML, like Gecko) PhantomJS/1.9.2 Safari/534.34","webSecurityEnabled":true}
[INFO  - 2014-06-06T20:36:32.838Z] Session [3f06b130-edba-11e3-899a-b710a1494bbe] - page.customHeaders:  - {}
[INFO  - 2014-06-06T20:36:32.838Z] Session [3f06b130-edba-11e3-899a-b710a1494bbe] - CONSTRUCTOR - Desired Capabilities: {"platform":"ANY","browserName":"phantomjs","version":""}
[INFO  - 2014-06-06T20:36:32.839Z] Session [3f06b130-edba-11e3-899a-b710a1494bbe] - CONSTRUCTOR - Negotiated Capabilities: {"browserName":"phantomjs","version":"1.9.2","driverName":"ghostdriver","driverVersion":"1.0.4","platform":"mac-unknown-32bit","javascriptEnabled":true,"takesScreenshot":true,"handlesAlerts":false,"databaseEnabled":false,"locationContextEnabled":false,"applicationCacheEnabled":false,"browserConnectionEnabled":false,"cssSelectorsEnabled":true,"webStorageEnabled":false,"rotatable":false,"acceptSslCerts":false,"nativeEvents":true,"proxy":{"proxyType":"direct"}}
[INFO  - 2014-06-06T20:36:32.839Z] SessionManagerReqHand - _postNewSessionCommand - New Session Created: 3f06b130-edba-11e3-899a-b710a1494bbe
[INFO  - 2014-06-06T20:36:33.608Z] ShutdownReqHand - _handle - About to shutdown
[INFO  - 2014-06-06T20:36:36.451Z] GhostDriver - Main - running on port 24865
[INFO  - 2014-06-06T20:36:36.553Z] Session [413d8e60-edba-11e3-9c6f-f5fe52b05a5b] - _decorateNewWindow - page.settings: {"XSSAuditingEnabled":false,"javascriptCanCloseWindows":true,"javascriptCanOpenWindows":true,"javascriptEnabled":true,"loadImages":true,"localToRemoteUrlAccessEnabled":false,"userAgent":"Mozilla/5.0 (Macintosh; Intel Mac OS X) AppleWebKit/534.34 (KHTML, like Gecko) PhantomJS/1.9.2 Safari/534.34","webSecurityEnabled":true}
[INFO  - 2014-06-06T20:36:36.553Z] Session [413d8e60-edba-11e3-9c6f-f5fe52b05a5b] - page.customHeaders:  - {}
[INFO  - 2014-06-06T20:36:36.553Z] Session [413d8e60-edba-11e3-9c6f-f5fe52b05a5b] - CONSTRUCTOR - Desired Capabilities: {"platform":"ANY","browserName":"phantomjs","version":""}
[INFO  - 2014-06-06T20:36:36.553Z] Session [413d8e60-edba-11e3-9c6f-f5fe52b05a5b] - CONSTRUCTOR - Negotiated Capabilities: {"browserName":"phantomjs","version":"1.9.2","driverName":"ghostdriver","driverVersion":"1.0.4","platform":"mac-unknown-32bit","javascriptEnabled":true,"takesScreenshot":true,"handlesAlerts":false,"databaseEnabled":false,"locationContextEnabled":false,"applicationCacheEnabled":false,"browserConnectionEnabled":false,"cssSelectorsEnabled":true,"webStorageEnabled":false,"rotatable":false,"acceptSslCerts":false,"nativeEvents":true,"proxy":{"proxyType":"direct"}}
[INFO  - 2014-06-06T20:36:36.554Z] SessionManagerReqHand - _postNewSessionCommand - New Session Created: 413d8e60-edba-11e3-9c6f-f5fe52b05a5b
[INFO  - 2014-06-06T20:36:38.098Z] ShutdownReqHand - _handle - About to shutdown
[INFO  - 2014-06-06T20:36:41.081Z] GhostDriver - Main - running on port 41330
[INFO  - 2014-06-06T20:36:41.173Z] Session [43fe5c10-edba-11e3-be3d-b938d52e4434] - _decorateNewWindow - page.settings: {"XSSAuditingEnabled":false,"javascriptCanCloseWindows":true,"javascriptCanOpenWindows":true,"javascriptEnabled":true,"loadImages":true,"localToRemoteUrlAccessEnabled":false,"userAgent":"Mozilla/5.0 (Macintosh; Intel Mac OS X) AppleWebKit/534.34 (KHTML, like Gecko) PhantomJS/1.9.2 Safari/534.34","webSecurityEnabled":true}
[INFO  - 2014-06-06T20:36:41.173Z] Session [43fe5c10-edba-11e3-be3d-b938d52e4434] - page.customHeaders:  - {}
[INFO  - 2014-06-06T20:36:41.173Z] Session [43fe5c10-edba-11e3-be3d-b938d52e4434] - CONSTRUCTOR - Desired Capabilities: {"platform":"ANY","browserName":"phantomjs","version":""}
[INFO  - 2014-06-06T20:36:41.173Z] Session [43fe5c10-edba-11e3-be3d-b938d52e4434] - CONSTRUCTOR - Negotiated Capabilities: {"browserName":"phantomjs","version":"1.9.2","driverName":"ghostdriver","driverVersion":"1.0.4","platform":"mac-unknown-32bit","javascriptEnabled":true,"takesScreenshot":true,"handlesAlerts":false,"databaseEnabled":false,"locationContextEnabled":false,"applicationCacheEnabled":false,"browserConnectionEnabled":false,"cssSelectorsEnabled":true,"webStorageEnabled":false,"rotatable":false,"acceptSslCerts":false,"nativeEvents":true,"proxy":{"proxyType":"direct"}}
[INFO  - 2014-06-06T20:36:41.173Z] SessionManagerReqHand - _postNewSessionCommand - New Session Created: 43fe5c10-edba-11e3-be3d-b938d52e4434
[INFO  - 2014-06-06T20:36:42.274Z] ShutdownReqHand - _handle - About to shutdown
[INFO  - 2014-06-06T20:36:45.111Z] GhostDriver - Main - running on port 31624
[INFO  - 2014-06-06T20:36:45.217Z] Session [46676cd0-edba-11e3-858c-9385405e4eee] - _decorateNewWindow - page.settings: {"XSSAuditingEnabled":false,"javascriptCanCloseWindows":true,"javascriptCanOpenWindows":true,"javascriptEnabled":true,"loadImages":true,"localToRemoteUrlAccessEnabled":false,"userAgent":"Mozilla/5.0 (Macintosh; Intel Mac OS X) AppleWebKit/534.34 (KHTML, like Gecko) PhantomJS/1.9.2 Safari/534.34","webSecurityEnabled":true}
[INFO  - 2014-06-06T20:36:45.217Z] Session [46676cd0-edba-11e3-858c-9385405e4eee] - page.customHeaders:  - {}
[INFO  - 2014-06-06T20:36:45.217Z] Session [46676cd0-edba-11e3-858c-9385405e4eee] - CONSTRUCTOR - Desired Capabilities: {"platform":"ANY","browserName":"phantomjs","version":""}
[INFO  - 2014-06-06T20:36:45.217Z] Session [46676cd0-edba-11e3-858c-9385405e4eee] - CONSTRUCTOR - Negotiated Capabilities: {"browserName":"phantomjs","version":"1.9.2","driverName":"ghostdriver","driverVersion":"1.0.4","platform":"mac-unknown-32bit","javascriptEnabled":true,"takesScreenshot":true,"handlesAlerts":false,"databaseEnabled":false,"locationContextEnabled":false,"applicationCacheEnabled":false,"browserConnectionEnabled":false,"cssSelectorsEnabled":true,"webStorageEnabled":false,"rotatable":false,"acceptSslCerts":false,"nativeEvents":true,"proxy":{"proxyType":"direct"}}
[INFO  - 2014-06-06T20:36:45.217Z] SessionManagerReqHand - _postNewSessionCommand - New Session Created: 46676cd0-edba-11e3-858c-9385405e4eee
[INFO  - 2014-06-06T20:36:45.825Z] ShutdownReqHand - _handle - About to shutdown
[INFO  - 2014-06-06T20:36:48.697Z] GhostDriver - Main - running on port 43953
[INFO  - 2014-06-06T20:36:48.768Z] Session [488543c0-edba-11e3-a13b-35166b4f1515] - _decorateNewWindow - page.settings: {"XSSAuditingEnabled":false,"javascriptCanCloseWindows":true,"javascriptCanOpenWindows":true,"javascriptEnabled":true,"loadImages":true,"localToRemoteUrlAccessEnabled":false,"userAgent":"Mozilla/5.0 (Macintosh; Intel Mac OS X) AppleWebKit/534.34 (KHTML, like Gecko) PhantomJS/1.9.2 Safari/534.34","webSecurityEnabled":true}
[INFO  - 2014-06-06T20:36:48.768Z] Session [488543c0-edba-11e3-a13b-35166b4f1515] - page.customHeaders:  - {}
[INFO  - 2014-06-06T20:36:48.768Z] Session [488543c0-edba-11e3-a13b-35166b4f1515] - CONSTRUCTOR - Desired Capabilities: {"platform":"ANY","browserName":"phantomjs","version":""}
[INFO  - 2014-06-06T20:36:48.768Z] Session [488543c0-edba-11e3-a13b-35166b4f1515] - CONSTRUCTOR - Negotiated Capabilities: {"browserName":"phantomjs","version":"1.9.2","driverName":"ghostdriver","driverVersion":"1.0.4","platform":"mac-unknown-32bit","javascriptEnabled":true,"takesScreenshot":true,"handlesAlerts":false,"databaseEnabled":false,"locationContextEnabled":false,"applicationCacheEnabled":false,"browserConnectionEnabled":false,"cssSelectorsEnabled":true,"webStorageEnabled":false,"rotatable":false,"acceptSslCerts":false,"nativeEvents":true,"proxy":{"proxyType":"direct"}}
[INFO  - 2014-06-06T20:36:48.768Z] SessionManagerReqHand - _postNewSessionCommand - New Session Created: 488543c0-edba-11e3-a13b-35166b4f1515
[INFO  - 2014-06-06T20:36:49.528Z] ShutdownReqHand - _handle - About to shutdown
[INFO  - 2014-06-06T20:36:52.416Z] GhostDriver - Main - running on port 17935
[INFO  - 2014-06-06T20:36:52.486Z] Session [4abc9620-edba-11e3-9bb5-3fdd45190053] - _decorateNewWindow - page.settings: {"XSSAuditingEnabled":false,"javascriptCanCloseWindows":true,"javascriptCanOpenWindows":true,"javascriptEnabled":true,"loadImages":true,"localToRemoteUrlAccessEnabled":false,"userAgent":"Mozilla/5.0 (Macintosh; Intel Mac OS X) AppleWebKit/534.34 (KHTML, like Gecko) PhantomJS/1.9.2 Safari/534.34","webSecurityEnabled":true}
[INFO  - 2014-06-06T20:36:52.486Z] Session [4abc9620-edba-11e3-9bb5-3fdd45190053] - page.customHeaders:  - {}
[INFO  - 2014-06-06T20:36:52.486Z] Session [4abc9620-edba-11e3-9bb5-3fdd45190053] - CONSTRUCTOR - Desired Capabilities: {"platform":"ANY","browserName":"phantomjs","version":""}
[INFO  - 2014-06-06T20:36:52.486Z] Session [4abc9620-edba-11e3-9bb5-3fdd45190053] - CONSTRUCTOR - Negotiated Capabilities: {"browserName":"phantomjs","version":"1.9.2","driverName":"ghostdriver","driverVersion":"1.0.4","platform":"mac-unknown-32bit","javascriptEnabled":true,"takesScreenshot":true,"handlesAlerts":false,"databaseEnabled":false,"locationContextEnabled":false,"applicationCacheEnabled":false,"browserConnectionEnabled":false,"cssSelectorsEnabled":true,"webStorageEnabled":false,"rotatable":false,"acceptSslCerts":false,"nativeEvents":true,"proxy":{"proxyType":"direct"}}
[INFO  - 2014-06-06T20:36:52.486Z] SessionManagerReqHand - _postNewSessionCommand - New Session Created: 4abc9620-edba-11e3-9bb5-3fdd45190053
[INFO  - 2014-06-06T20:36:53.271Z] ShutdownReqHand - _handle - About to shutdown
[INFO  - 2014-06-06T20:36:56.065Z] GhostDriver - Main - running on port 47270
[INFO  - 2014-06-06T20:36:56.180Z] Session [4cf03f00-edba-11e3-95e8-958bfb6a509d] - _decorateNewWindow - page.settings: {"XSSAuditingEnabled":false,"javascriptCanCloseWindows":true,"javascriptCanOpenWindows":true,"javascriptEnabled":true,"loadImages":true,"localToRemoteUrlAccessEnabled":false,"userAgent":"Mozilla/5.0 (Macintosh; Intel Mac OS X) AppleWebKit/534.34 (KHTML, like Gecko) PhantomJS/1.9.2 Safari/534.34","webSecurityEnabled":true}
[INFO  - 2014-06-06T20:36:56.180Z] Session [4cf03f00-edba-11e3-95e8-958bfb6a509d] - page.customHeaders:  - {}
[INFO  - 2014-06-06T20:36:56.180Z] Session [4cf03f00-edba-11e3-95e8-958bfb6a509d] - CONSTRUCTOR - Desired Capabilities: {"platform":"ANY","browserName":"phantomjs","version":""}
[INFO  - 2014-06-06T20:36:56.180Z] Session [4cf03f00-edba-11e3-95e8-958bfb6a509d] - CONSTRUCTOR - Negotiated Capabilities: {"browserName":"phantomjs","version":"1.9.2","driverName":"ghostdriver","driverVersion":"1.0.4","platform":"mac-unknown-32bit","javascriptEnabled":true,"takesScreenshot":true,"handlesAlerts":false,"databaseEnabled":false,"locationContextEnabled":false,"applicationCacheEnabled":false,"browserConnectionEnabled":false,"cssSelectorsEnabled":true,"webStorageEnabled":false,"rotatable":false,"acceptSslCerts":false,"nativeEvents":true,"proxy":{"proxyType":"direct"}}
[INFO  - 2014-06-06T20:36:56.180Z] SessionManagerReqHand - _postNewSessionCommand - New Session Created: 4cf03f00-edba-11e3-95e8-958bfb6a509d
[INFO  - 2014-06-06T20:36:56.938Z] ShutdownReqHand - _handle - About to shutdown
[INFO  - 2014-06-06T21:53:49.690Z] GhostDriver - Main - running on port 2113
[INFO  - 2014-06-06T21:53:49.834Z] Session [0ae42170-edc5-11e3-ba33-a3f66545adfb] - _decorateNewWindow - page.settings: {"XSSAuditingEnabled":false,"javascriptCanCloseWindows":true,"javascriptCanOpenWindows":true,"javascriptEnabled":true,"loadImages":true,"localToRemoteUrlAccessEnabled":false,"userAgent":"Mozilla/5.0 (Macintosh; Intel Mac OS X) AppleWebKit/534.34 (KHTML, like Gecko) PhantomJS/1.9.2 Safari/534.34","webSecurityEnabled":true}
[INFO  - 2014-06-06T21:53:49.834Z] Session [0ae42170-edc5-11e3-ba33-a3f66545adfb] - page.customHeaders:  - {}
[INFO  - 2014-06-06T21:53:49.834Z] Session [0ae42170-edc5-11e3-ba33-a3f66545adfb] - CONSTRUCTOR - Desired Capabilities: {"platform":"ANY","browserName":"phantomjs","version":""}
[INFO  - 2014-06-06T21:53:49.834Z] Session [0ae42170-edc5-11e3-ba33-a3f66545adfb] - CONSTRUCTOR - Negotiated Capabilities: {"browserName":"phantomjs","version":"1.9.2","driverName":"ghostdriver","driverVersion":"1.0.4","platform":"mac-unknown-32bit","javascriptEnabled":true,"takesScreenshot":true,"handlesAlerts":false,"databaseEnabled":false,"locationContextEnabled":false,"applicationCacheEnabled":false,"browserConnectionEnabled":false,"cssSelectorsEnabled":true,"webStorageEnabled":false,"rotatable":false,"acceptSslCerts":false,"nativeEvents":true,"proxy":{"proxyType":"direct"}}
[INFO  - 2014-06-06T21:53:49.835Z] SessionManagerReqHand - _postNewSessionCommand - New Session Created: 0ae42170-edc5-11e3-ba33-a3f66545adfb
[INFO  - 2014-06-06T21:53:51.115Z] ShutdownReqHand - _handle - About to shutdown
[INFO  - 2014-06-06T21:53:54.558Z] GhostDriver - Main - running on port 6276
[INFO  - 2014-06-06T21:53:54.678Z] Session [0dc74430-edc5-11e3-b30c-95ea5b566c42] - _decorateNewWindow - page.settings: {"XSSAuditingEnabled":false,"javascriptCanCloseWindows":true,"javascriptCanOpenWindows":true,"javascriptEnabled":true,"loadImages":true,"localToRemoteUrlAccessEnabled":false,"userAgent":"Mozilla/5.0 (Macintosh; Intel Mac OS X) AppleWebKit/534.34 (KHTML, like Gecko) PhantomJS/1.9.2 Safari/534.34","webSecurityEnabled":true}
[INFO  - 2014-06-06T21:53:54.678Z] Session [0dc74430-edc5-11e3-b30c-95ea5b566c42] - page.customHeaders:  - {}
[INFO  - 2014-06-06T21:53:54.679Z] Session [0dc74430-edc5-11e3-b30c-95ea5b566c42] - CONSTRUCTOR - Desired Capabilities: {"platform":"ANY","browserName":"phantomjs","version":""}
[INFO  - 2014-06-06T21:53:54.679Z] Session [0dc74430-edc5-11e3-b30c-95ea5b566c42] - CONSTRUCTOR - Negotiated Capabilities: {"browserName":"phantomjs","version":"1.9.2","driverName":"ghostdriver","driverVersion":"1.0.4","platform":"mac-unknown-32bit","javascriptEnabled":true,"takesScreenshot":true,"handlesAlerts":false,"databaseEnabled":false,"locationContextEnabled":false,"applicationCacheEnabled":false,"browserConnectionEnabled":false,"cssSelectorsEnabled":true,"webStorageEnabled":false,"rotatable":false,"acceptSslCerts":false,"nativeEvents":true,"proxy":{"proxyType":"direct"}}
[INFO  - 2014-06-06T21:53:54.679Z] SessionManagerReqHand - _postNewSessionCommand - New Session Created: 0dc74430-edc5-11e3-b30c-95ea5b566c42
[INFO  - 2014-06-06T21:53:55.433Z] ShutdownReqHand - _handle - About to shutdown
[INFO  - 2014-06-06T21:53:58.295Z] GhostDriver - Main - running on port 28015
[INFO  - 2014-06-06T21:53:58.394Z] Session [0ffe4870-edc5-11e3-bbca-c5888b4c210d] - _decorateNewWindow - page.settings: {"XSSAuditingEnabled":false,"javascriptCanCloseWindows":true,"javascriptCanOpenWindows":true,"javascriptEnabled":true,"loadImages":true,"localToRemoteUrlAccessEnabled":false,"userAgent":"Mozilla/5.0 (Macintosh; Intel Mac OS X) AppleWebKit/534.34 (KHTML, like Gecko) PhantomJS/1.9.2 Safari/534.34","webSecurityEnabled":true}
[INFO  - 2014-06-06T21:53:58.395Z] Session [0ffe4870-edc5-11e3-bbca-c5888b4c210d] - page.customHeaders:  - {}
[INFO  - 2014-06-06T21:53:58.395Z] Session [0ffe4870-edc5-11e3-bbca-c5888b4c210d] - CONSTRUCTOR - Desired Capabilities: {"platform":"ANY","browserName":"phantomjs","version":""}
[INFO  - 2014-06-06T21:53:58.395Z] Session [0ffe4870-edc5-11e3-bbca-c5888b4c210d] - CONSTRUCTOR - Negotiated Capabilities: {"browserName":"phantomjs","version":"1.9.2","driverName":"ghostdriver","driverVersion":"1.0.4","platform":"mac-unknown-32bit","javascriptEnabled":true,"takesScreenshot":true,"handlesAlerts":false,"databaseEnabled":false,"locationContextEnabled":false,"applicationCacheEnabled":false,"browserConnectionEnabled":false,"cssSelectorsEnabled":true,"webStorageEnabled":false,"rotatable":false,"acceptSslCerts":false,"nativeEvents":true,"proxy":{"proxyType":"direct"}}
[INFO  - 2014-06-06T21:53:58.395Z] SessionManagerReqHand - _postNewSessionCommand - New Session Created: 0ffe4870-edc5-11e3-bbca-c5888b4c210d
[INFO  - 2014-06-06T21:53:59.141Z] ShutdownReqHand - _handle - About to shutdown
[INFO  - 2014-06-06T21:54:01.979Z] GhostDriver - Main - running on port 35786
[INFO  - 2014-06-06T21:54:02.090Z] Session [12323f70-edc5-11e3-9117-bdf13e274b3c] - _decorateNewWindow - page.settings: {"XSSAuditingEnabled":false,"javascriptCanCloseWindows":true,"javascriptCanOpenWindows":true,"javascriptEnabled":true,"loadImages":true,"localToRemoteUrlAccessEnabled":false,"userAgent":"Mozilla/5.0 (Macintosh; Intel Mac OS X) AppleWebKit/534.34 (KHTML, like Gecko) PhantomJS/1.9.2 Safari/534.34","webSecurityEnabled":true}
[INFO  - 2014-06-06T21:54:02.090Z] Session [12323f70-edc5-11e3-9117-bdf13e274b3c] - page.customHeaders:  - {}
[INFO  - 2014-06-06T21:54:02.090Z] Session [12323f70-edc5-11e3-9117-bdf13e274b3c] - CONSTRUCTOR - Desired Capabilities: {"platform":"ANY","browserName":"phantomjs","version":""}
[INFO  - 2014-06-06T21:54:02.090Z] Session [12323f70-edc5-11e3-9117-bdf13e274b3c] - CONSTRUCTOR - Negotiated Capabilities: {"browserName":"phantomjs","version":"1.9.2","driverName":"ghostdriver","driverVersion":"1.0.4","platform":"mac-unknown-32bit","javascriptEnabled":true,"takesScreenshot":true,"handlesAlerts":false,"databaseEnabled":false,"locationContextEnabled":false,"applicationCacheEnabled":false,"browserConnectionEnabled":false,"cssSelectorsEnabled":true,"webStorageEnabled":false,"rotatable":false,"acceptSslCerts":false,"nativeEvents":true,"proxy":{"proxyType":"direct"}}
[INFO  - 2014-06-06T21:54:02.090Z] SessionManagerReqHand - _postNewSessionCommand - New Session Created: 12323f70-edc5-11e3-9117-bdf13e274b3c
[INFO  - 2014-06-06T21:54:02.846Z] ShutdownReqHand - _handle - About to shutdown
[INFO  - 2014-06-06T21:54:05.748Z] GhostDriver - Main - running on port 19952
[INFO  - 2014-06-06T21:54:05.824Z] Session [146c02d0-edc5-11e3-ab86-f38642d04e85] - _decorateNewWindow - page.settings: {"XSSAuditingEnabled":false,"javascriptCanCloseWindows":true,"javascriptCanOpenWindows":true,"javascriptEnabled":true,"loadImages":true,"localToRemoteUrlAccessEnabled":false,"userAgent":"Mozilla/5.0 (Macintosh; Intel Mac OS X) AppleWebKit/534.34 (KHTML, like Gecko) PhantomJS/1.9.2 Safari/534.34","webSecurityEnabled":true}
[INFO  - 2014-06-06T21:54:05.824Z] Session [146c02d0-edc5-11e3-ab86-f38642d04e85] - page.customHeaders:  - {}
[INFO  - 2014-06-06T21:54:05.824Z] Session [146c02d0-edc5-11e3-ab86-f38642d04e85] - CONSTRUCTOR - Desired Capabilities: {"platform":"ANY","browserName":"phantomjs","version":""}
[INFO  - 2014-06-06T21:54:05.824Z] Session [146c02d0-edc5-11e3-ab86-f38642d04e85] - CONSTRUCTOR - Negotiated Capabilities: {"browserName":"phantomjs","version":"1.9.2","driverName":"ghostdriver","driverVersion":"1.0.4","platform":"mac-unknown-32bit","javascriptEnabled":true,"takesScreenshot":true,"handlesAlerts":false,"databaseEnabled":false,"locationContextEnabled":false,"applicationCacheEnabled":false,"browserConnectionEnabled":false,"cssSelectorsEnabled":true,"webStorageEnabled":false,"rotatable":false,"acceptSslCerts":false,"nativeEvents":true,"proxy":{"proxyType":"direct"}}
[INFO  - 2014-06-06T21:54:05.825Z] SessionManagerReqHand - _postNewSessionCommand - New Session Created: 146c02d0-edc5-11e3-ab86-f38642d04e85
[INFO  - 2014-06-06T21:54:08.749Z] ShutdownReqHand - _handle - About to shutdown
[INFO  - 2014-06-06T21:54:11.599Z] GhostDriver - Main - running on port 21477
[INFO  - 2014-06-06T21:54:11.721Z] Session [17efab50-edc5-11e3-bc00-85c1f4ed41d0] - _decorateNewWindow - page.settings: {"XSSAuditingEnabled":false,"javascriptCanCloseWindows":true,"javascriptCanOpenWindows":true,"javascriptEnabled":true,"loadImages":true,"localToRemoteUrlAccessEnabled":false,"userAgent":"Mozilla/5.0 (Macintosh; Intel Mac OS X) AppleWebKit/534.34 (KHTML, like Gecko) PhantomJS/1.9.2 Safari/534.34","webSecurityEnabled":true}
[INFO  - 2014-06-06T21:54:11.721Z] Session [17efab50-edc5-11e3-bc00-85c1f4ed41d0] - page.customHeaders:  - {}
[INFO  - 2014-06-06T21:54:11.721Z] Session [17efab50-edc5-11e3-bc00-85c1f4ed41d0] - CONSTRUCTOR - Desired Capabilities: {"platform":"ANY","browserName":"phantomjs","version":""}
[INFO  - 2014-06-06T21:54:11.721Z] Session [17efab50-edc5-11e3-bc00-85c1f4ed41d0] - CONSTRUCTOR - Negotiated Capabilities: {"browserName":"phantomjs","version":"1.9.2","driverName":"ghostdriver","driverVersion":"1.0.4","platform":"mac-unknown-32bit","javascriptEnabled":true,"takesScreenshot":true,"handlesAlerts":false,"databaseEnabled":false,"locationContextEnabled":false,"applicationCacheEnabled":false,"browserConnectionEnabled":false,"cssSelectorsEnabled":true,"webStorageEnabled":false,"rotatable":false,"acceptSslCerts":false,"nativeEvents":true,"proxy":{"proxyType":"direct"}}
[INFO  - 2014-06-06T21:54:11.721Z] SessionManagerReqHand - _postNewSessionCommand - New Session Created: 17efab50-edc5-11e3-bc00-85c1f4ed41d0
[INFO  - 2014-06-06T21:54:14.044Z] ShutdownReqHand - _handle - About to shutdown
[INFO  - 2014-06-06T21:54:16.862Z] GhostDriver - Main - running on port 23820
[INFO  - 2014-06-06T21:54:16.973Z] Session [1b110f90-edc5-11e3-ad11-cfdaaae1f3c6] - _decorateNewWindow - page.settings: {"XSSAuditingEnabled":false,"javascriptCanCloseWindows":true,"javascriptCanOpenWindows":true,"javascriptEnabled":true,"loadImages":true,"localToRemoteUrlAccessEnabled":false,"userAgent":"Mozilla/5.0 (Macintosh; Intel Mac OS X) AppleWebKit/534.34 (KHTML, like Gecko) PhantomJS/1.9.2 Safari/534.34","webSecurityEnabled":true}
[INFO  - 2014-06-06T21:54:16.973Z] Session [1b110f90-edc5-11e3-ad11-cfdaaae1f3c6] - page.customHeaders:  - {}
[INFO  - 2014-06-06T21:54:16.973Z] Session [1b110f90-edc5-11e3-ad11-cfdaaae1f3c6] - CONSTRUCTOR - Desired Capabilities: {"platform":"ANY","browserName":"phantomjs","version":""}
[INFO  - 2014-06-06T21:54:16.973Z] Session [1b110f90-edc5-11e3-ad11-cfdaaae1f3c6] - CONSTRUCTOR - Negotiated Capabilities: {"browserName":"phantomjs","version":"1.9.2","driverName":"ghostdriver","driverVersion":"1.0.4","platform":"mac-unknown-32bit","javascriptEnabled":true,"takesScreenshot":true,"handlesAlerts":false,"databaseEnabled":false,"locationContextEnabled":false,"applicationCacheEnabled":false,"browserConnectionEnabled":false,"cssSelectorsEnabled":true,"webStorageEnabled":false,"rotatable":false,"acceptSslCerts":false,"nativeEvents":true,"proxy":{"proxyType":"direct"}}
[INFO  - 2014-06-06T21:54:16.973Z] SessionManagerReqHand - _postNewSessionCommand - New Session Created: 1b110f90-edc5-11e3-ad11-cfdaaae1f3c6
[INFO  - 2014-06-06T21:54:17.848Z] ShutdownReqHand - _handle - About to shutdown
[INFO  - 2014-06-06T21:54:20.731Z] GhostDriver - Main - running on port 15718
[INFO  - 2014-06-06T21:54:20.852Z] Session [1d60f300-edc5-11e3-9f46-5d19dd4491a1] - _decorateNewWindow - page.settings: {"XSSAuditingEnabled":false,"javascriptCanCloseWindows":true,"javascriptCanOpenWindows":true,"javascriptEnabled":true,"loadImages":true,"localToRemoteUrlAccessEnabled":false,"userAgent":"Mozilla/5.0 (Macintosh; Intel Mac OS X) AppleWebKit/534.34 (KHTML, like Gecko) PhantomJS/1.9.2 Safari/534.34","webSecurityEnabled":true}
[INFO  - 2014-06-06T21:54:20.852Z] Session [1d60f300-edc5-11e3-9f46-5d19dd4491a1] - page.customHeaders:  - {}
[INFO  - 2014-06-06T21:54:20.852Z] Session [1d60f300-edc5-11e3-9f46-5d19dd4491a1] - CONSTRUCTOR - Desired Capabilities: {"platform":"ANY","browserName":"phantomjs","version":""}
[INFO  - 2014-06-06T21:54:20.852Z] Session [1d60f300-edc5-11e3-9f46-5d19dd4491a1] - CONSTRUCTOR - Negotiated Capabilities: {"browserName":"phantomjs","version":"1.9.2","driverName":"ghostdriver","driverVersion":"1.0.4","platform":"mac-unknown-32bit","javascriptEnabled":true,"takesScreenshot":true,"handlesAlerts":false,"databaseEnabled":false,"locationContextEnabled":false,"applicationCacheEnabled":false,"browserConnectionEnabled":false,"cssSelectorsEnabled":true,"webStorageEnabled":false,"rotatable":false,"acceptSslCerts":false,"nativeEvents":true,"proxy":{"proxyType":"direct"}}
[INFO  - 2014-06-06T21:54:20.852Z] SessionManagerReqHand - _postNewSessionCommand - New Session Created: 1d60f300-edc5-11e3-9f46-5d19dd4491a1
[INFO  - 2014-06-06T21:54:21.626Z] ShutdownReqHand - _handle - About to shutdown
[INFO  - 2014-06-06T21:54:24.461Z] GhostDriver - Main - running on port 29055
[INFO  - 2014-06-06T21:54:24.577Z] Session [1f9956d0-edc5-11e3-a450-8f03aad5bd96] - _decorateNewWindow - page.settings: {"XSSAuditingEnabled":false,"javascriptCanCloseWindows":true,"javascriptCanOpenWindows":true,"javascriptEnabled":true,"loadImages":true,"localToRemoteUrlAccessEnabled":false,"userAgent":"Mozilla/5.0 (Macintosh; Intel Mac OS X) AppleWebKit/534.34 (KHTML, like Gecko) PhantomJS/1.9.2 Safari/534.34","webSecurityEnabled":true}
[INFO  - 2014-06-06T21:54:24.577Z] Session [1f9956d0-edc5-11e3-a450-8f03aad5bd96] - page.customHeaders:  - {}
[INFO  - 2014-06-06T21:54:24.577Z] Session [1f9956d0-edc5-11e3-a450-8f03aad5bd96] - CONSTRUCTOR - Desired Capabilities: {"platform":"ANY","browserName":"phantomjs","version":""}
[INFO  - 2014-06-06T21:54:24.577Z] Session [1f9956d0-edc5-11e3-a450-8f03aad5bd96] - CONSTRUCTOR - Negotiated Capabilities: {"browserName":"phantomjs","version":"1.9.2","driverName":"ghostdriver","driverVersion":"1.0.4","platform":"mac-unknown-32bit","javascriptEnabled":true,"takesScreenshot":true,"handlesAlerts":false,"databaseEnabled":false,"locationContextEnabled":false,"applicationCacheEnabled":false,"browserConnectionEnabled":false,"cssSelectorsEnabled":true,"webStorageEnabled":false,"rotatable":false,"acceptSslCerts":false,"nativeEvents":true,"proxy":{"proxyType":"direct"}}
[INFO  - 2014-06-06T21:54:24.577Z] SessionManagerReqHand - _postNewSessionCommand - New Session Created: 1f9956d0-edc5-11e3-a450-8f03aad5bd96
[INFO  - 2014-06-06T21:54:26.211Z] ShutdownReqHand - _handle - About to shutdown
[INFO  - 2014-06-06T21:54:28.999Z] GhostDriver - Main - running on port 9332
[INFO  - 2014-06-06T21:54:29.123Z] Session [224f00f0-edc5-11e3-91d7-5929e51d6e86] - _decorateNewWindow - page.settings: {"XSSAuditingEnabled":false,"javascriptCanCloseWindows":true,"javascriptCanOpenWindows":true,"javascriptEnabled":true,"loadImages":true,"localToRemoteUrlAccessEnabled":false,"userAgent":"Mozilla/5.0 (Macintosh; Intel Mac OS X) AppleWebKit/534.34 (KHTML, like Gecko) PhantomJS/1.9.2 Safari/534.34","webSecurityEnabled":true}
[INFO  - 2014-06-06T21:54:29.123Z] Session [224f00f0-edc5-11e3-91d7-5929e51d6e86] - page.customHeaders:  - {}
[INFO  - 2014-06-06T21:54:29.123Z] Session [224f00f0-edc5-11e3-91d7-5929e51d6e86] - CONSTRUCTOR - Desired Capabilities: {"platform":"ANY","browserName":"phantomjs","version":""}
[INFO  - 2014-06-06T21:54:29.123Z] Session [224f00f0-edc5-11e3-91d7-5929e51d6e86] - CONSTRUCTOR - Negotiated Capabilities: {"browserName":"phantomjs","version":"1.9.2","driverName":"ghostdriver","driverVersion":"1.0.4","platform":"mac-unknown-32bit","javascriptEnabled":true,"takesScreenshot":true,"handlesAlerts":false,"databaseEnabled":false,"locationContextEnabled":false,"applicationCacheEnabled":false,"browserConnectionEnabled":false,"cssSelectorsEnabled":true,"webStorageEnabled":false,"rotatable":false,"acceptSslCerts":false,"nativeEvents":true,"proxy":{"proxyType":"direct"}}
[INFO  - 2014-06-06T21:54:29.123Z] SessionManagerReqHand - _postNewSessionCommand - New Session Created: 224f00f0-edc5-11e3-91d7-5929e51d6e86
[INFO  - 2014-06-06T21:54:30.233Z] ShutdownReqHand - _handle - About to shutdown
[INFO  - 2014-06-06T21:54:33.132Z] GhostDriver - Main - running on port 24466
[INFO  - 2014-06-06T21:54:33.249Z] Session [24c494d0-edc5-11e3-81d0-590bcab1298e] - _decorateNewWindow - page.settings: {"XSSAuditingEnabled":false,"javascriptCanCloseWindows":true,"javascriptCanOpenWindows":true,"javascriptEnabled":true,"loadImages":true,"localToRemoteUrlAccessEnabled":false,"userAgent":"Mozilla/5.0 (Macintosh; Intel Mac OS X) AppleWebKit/534.34 (KHTML, like Gecko) PhantomJS/1.9.2 Safari/534.34","webSecurityEnabled":true}
[INFO  - 2014-06-06T21:54:33.249Z] Session [24c494d0-edc5-11e3-81d0-590bcab1298e] - page.customHeaders:  - {}
[INFO  - 2014-06-06T21:54:33.249Z] Session [24c494d0-edc5-11e3-81d0-590bcab1298e] - CONSTRUCTOR - Desired Capabilities: {"platform":"ANY","browserName":"phantomjs","version":""}
[INFO  - 2014-06-06T21:54:33.249Z] Session [24c494d0-edc5-11e3-81d0-590bcab1298e] - CONSTRUCTOR - Negotiated Capabilities: {"browserName":"phantomjs","version":"1.9.2","driverName":"ghostdriver","driverVersion":"1.0.4","platform":"mac-unknown-32bit","javascriptEnabled":true,"takesScreenshot":true,"handlesAlerts":false,"databaseEnabled":false,"locationContextEnabled":false,"applicationCacheEnabled":false,"browserConnectionEnabled":false,"cssSelectorsEnabled":true,"webStorageEnabled":false,"rotatable":false,"acceptSslCerts":false,"nativeEvents":true,"proxy":{"proxyType":"direct"}}
[INFO  - 2014-06-06T21:54:33.249Z] SessionManagerReqHand - _postNewSessionCommand - New Session Created: 24c494d0-edc5-11e3-81d0-590bcab1298e
[INFO  - 2014-06-06T21:54:33.826Z] ShutdownReqHand - _handle - About to shutdown
[INFO  - 2014-06-06T21:54:36.639Z] GhostDriver - Main - running on port 27777
[INFO  - 2014-06-06T21:54:36.759Z] Session [26dc2a30-edc5-11e3-8b20-2d2a3f6109a4] - _decorateNewWindow - page.settings: {"XSSAuditingEnabled":false,"javascriptCanCloseWindows":true,"javascriptCanOpenWindows":true,"javascriptEnabled":true,"loadImages":true,"localToRemoteUrlAccessEnabled":false,"userAgent":"Mozilla/5.0 (Macintosh; Intel Mac OS X) AppleWebKit/534.34 (KHTML, like Gecko) PhantomJS/1.9.2 Safari/534.34","webSecurityEnabled":true}
[INFO  - 2014-06-06T21:54:36.759Z] Session [26dc2a30-edc5-11e3-8b20-2d2a3f6109a4] - page.customHeaders:  - {}
[INFO  - 2014-06-06T21:54:36.759Z] Session [26dc2a30-edc5-11e3-8b20-2d2a3f6109a4] - CONSTRUCTOR - Desired Capabilities: {"platform":"ANY","browserName":"phantomjs","version":""}
[INFO  - 2014-06-06T21:54:36.759Z] Session [26dc2a30-edc5-11e3-8b20-2d2a3f6109a4] - CONSTRUCTOR - Negotiated Capabilities: {"browserName":"phantomjs","version":"1.9.2","driverName":"ghostdriver","driverVersion":"1.0.4","platform":"mac-unknown-32bit","javascriptEnabled":true,"takesScreenshot":true,"handlesAlerts":false,"databaseEnabled":false,"locationContextEnabled":false,"applicationCacheEnabled":false,"browserConnectionEnabled":false,"cssSelectorsEnabled":true,"webStorageEnabled":false,"rotatable":false,"acceptSslCerts":false,"nativeEvents":true,"proxy":{"proxyType":"direct"}}
[INFO  - 2014-06-06T21:54:36.759Z] SessionManagerReqHand - _postNewSessionCommand - New Session Created: 26dc2a30-edc5-11e3-8b20-2d2a3f6109a4
[INFO  - 2014-06-06T21:54:37.511Z] ShutdownReqHand - _handle - About to shutdown
[INFO  - 2014-06-06T21:54:40.315Z] GhostDriver - Main - running on port 12308
[INFO  - 2014-06-06T21:54:40.439Z] Session [290dd740-edc5-11e3-afde-431a5a4ac0d6] - _decorateNewWindow - page.settings: {"XSSAuditingEnabled":false,"javascriptCanCloseWindows":true,"javascriptCanOpenWindows":true,"javascriptEnabled":true,"loadImages":true,"localToRemoteUrlAccessEnabled":false,"userAgent":"Mozilla/5.0 (Macintosh; Intel Mac OS X) AppleWebKit/534.34 (KHTML, like Gecko) PhantomJS/1.9.2 Safari/534.34","webSecurityEnabled":true}
[INFO  - 2014-06-06T21:54:40.439Z] Session [290dd740-edc5-11e3-afde-431a5a4ac0d6] - page.customHeaders:  - {}
[INFO  - 2014-06-06T21:54:40.439Z] Session [290dd740-edc5-11e3-afde-431a5a4ac0d6] - CONSTRUCTOR - Desired Capabilities: {"platform":"ANY","browserName":"phantomjs","version":""}
[INFO  - 2014-06-06T21:54:40.439Z] Session [290dd740-edc5-11e3-afde-431a5a4ac0d6] - CONSTRUCTOR - Negotiated Capabilities: {"browserName":"phantomjs","version":"1.9.2","driverName":"ghostdriver","driverVersion":"1.0.4","platform":"mac-unknown-32bit","javascriptEnabled":true,"takesScreenshot":true,"handlesAlerts":false,"databaseEnabled":false,"locationContextEnabled":false,"applicationCacheEnabled":false,"browserConnectionEnabled":false,"cssSelectorsEnabled":true,"webStorageEnabled":false,"rotatable":false,"acceptSslCerts":false,"nativeEvents":true,"proxy":{"proxyType":"direct"}}
[INFO  - 2014-06-06T21:54:40.440Z] SessionManagerReqHand - _postNewSessionCommand - New Session Created: 290dd740-edc5-11e3-afde-431a5a4ac0d6
[INFO  - 2014-06-06T21:54:41.193Z] ShutdownReqHand - _handle - About to shutdown
[INFO  - 2014-06-06T21:54:43.986Z] GhostDriver - Main - running on port 8133
[INFO  - 2014-06-06T21:54:44.103Z] Session [2b3cec40-edc5-11e3-a529-dfdd300e9f66] - _decorateNewWindow - page.settings: {"XSSAuditingEnabled":false,"javascriptCanCloseWindows":true,"javascriptCanOpenWindows":true,"javascriptEnabled":true,"loadImages":true,"localToRemoteUrlAccessEnabled":false,"userAgent":"Mozilla/5.0 (Macintosh; Intel Mac OS X) AppleWebKit/534.34 (KHTML, like Gecko) PhantomJS/1.9.2 Safari/534.34","webSecurityEnabled":true}
[INFO  - 2014-06-06T21:54:44.104Z] Session [2b3cec40-edc5-11e3-a529-dfdd300e9f66] - page.customHeaders:  - {}
[INFO  - 2014-06-06T21:54:44.104Z] Session [2b3cec40-edc5-11e3-a529-dfdd300e9f66] - CONSTRUCTOR - Desired Capabilities: {"platform":"ANY","browserName":"phantomjs","version":""}
[INFO  - 2014-06-06T21:54:44.104Z] Session [2b3cec40-edc5-11e3-a529-dfdd300e9f66] - CONSTRUCTOR - Negotiated Capabilities: {"browserName":"phantomjs","version":"1.9.2","driverName":"ghostdriver","driverVersion":"1.0.4","platform":"mac-unknown-32bit","javascriptEnabled":true,"takesScreenshot":true,"handlesAlerts":false,"databaseEnabled":false,"locationContextEnabled":false,"applicationCacheEnabled":false,"browserConnectionEnabled":false,"cssSelectorsEnabled":true,"webStorageEnabled":false,"rotatable":false,"acceptSslCerts":false,"nativeEvents":true,"proxy":{"proxyType":"direct"}}
[INFO  - 2014-06-06T21:54:44.104Z] SessionManagerReqHand - _postNewSessionCommand - New Session Created: 2b3cec40-edc5-11e3-a529-dfdd300e9f66
[INFO  - 2014-06-06T21:54:44.872Z] ShutdownReqHand - _handle - About to shutdown
